2025-41-26 10:41:57 INFO  c.example.edufood.EduFoodApplication -msg
2025-41-26 10:41:57 INFO  c.example.edufood.EduFoodApplication -msg
2025-41-26 10:41:57 INFO  o.s.d.r.c.RepositoryConfigurationDelegate -msg
2025-41-26 10:41:57 INFO  o.s.d.r.c.RepositoryConfigurationDelegate -msg
2025-41-26 10:41:57 INFO  o.s.b.w.e.tomcat.TomcatWebServer -msg
2025-41-26 10:41:57 INFO  o.a.catalina.core.StandardService -msg
2025-41-26 10:41:57 INFO  o.a.catalina.core.StandardEngine -msg
2025-41-26 10:41:57 INFO  o.a.c.c.C.[Tomcat].[localhost].[/] -msg
2025-41-26 10:41:57 INFO  o.s.b.w.s.c.ServletWebServerApplicationContext -msg
2025-41-26 10:41:57 INFO  com.zaxxer.hikari.HikariDataSource -msg
2025-41-26 10:41:57 INFO  com.zaxxer.hikari.pool.HikariPool -msg
2025-41-26 10:41:57 INFO  com.zaxxer.hikari.HikariDataSource -msg
2025-41-26 10:41:58 INFO  liquibase.database -msg
2025-41-26 10:41:58 INFO  liquibase.changelog -msg
2025-41-26 10:41:58 INFO  liquibase.changelog -msg
2025-41-26 10:41:58 INFO  liquibase.changelog -msg
2025-41-26 10:41:58 INFO  liquibase.changelog -msg
2025-41-26 10:41:58 INFO  liquibase.snapshot -msg
2025-41-26 10:41:58 INFO  liquibase.lockservice -msg
2025-41-26 10:41:58 INFO  liquibase.command -msg
2025-41-26 10:41:58 INFO  liquibase.changelog -msg
2025-41-26 10:41:58 INFO  liquibase.ui -msg
2025-41-26 10:41:58 INFO  liquibase.changelog -msg
2025-41-26 10:41:58 INFO  liquibase.changelog -msg
2025-41-26 10:41:58 INFO  liquibase.ui -msg
2025-41-26 10:41:58 INFO  liquibase.changelog -msg
2025-41-26 10:41:58 INFO  liquibase.changelog -msg
2025-41-26 10:41:58 INFO  liquibase.ui -msg
2025-41-26 10:41:58 INFO  liquibase.changelog -msg
2025-41-26 10:41:58 INFO  liquibase.changelog -msg
2025-41-26 10:41:58 INFO  liquibase.ui -msg
2025-41-26 10:41:58 INFO  liquibase.changelog -msg
2025-41-26 10:41:58 INFO  liquibase.changelog -msg
2025-41-26 10:41:58 INFO  liquibase.ui -msg
2025-41-26 10:41:58 ERROR liquibase.changelog -msg
liquibase.exception.DatabaseException: Таблица "DISHES" уже существует
Table "DISHES" already exists; SQL statement:
CREATE TABLE PUBLIC.dishes (id BIGINT GENERATED BY DEFAULT AS IDENTITY NOT NULL, create_time TIMESTAMP, user_id BIGINT NOT NULL, CONSTRAINT PK_DISHES PRIMARY KEY (id), CONSTRAINT fk_orders_users FOREIGN KEY (user_id) REFERENCES PUBLIC.users(id)) [42101-232] [Failed SQL: (42101) CREATE TABLE PUBLIC.dishes (id BIGINT GENERATED BY DEFAULT AS IDENTITY NOT NULL, create_time TIMESTAMP, user_id BIGINT NOT NULL, CONSTRAINT PK_DISHES PRIMARY KEY (id), CONSTRAINT fk_orders_users FOREIGN KEY (user_id) REFERENCES PUBLIC.users(id))]
	at liquibase.executor.jvm.JdbcExecutor$ExecuteStatementCallback.doInStatement(JdbcExecutor.java:520)
	at liquibase.executor.jvm.JdbcExecutor.execute(JdbcExecutor.java:85)
	at liquibase.executor.jvm.JdbcExecutor.execute(JdbcExecutor.java:188)
	at liquibase.executor.AbstractExecutor.execute(AbstractExecutor.java:148)
	at liquibase.database.AbstractJdbcDatabase.executeStatements(AbstractJdbcDatabase.java:1198)
	at liquibase.changelog.ChangeSet.execute(ChangeSet.java:816)
	at liquibase.changelog.visitor.UpdateVisitor.executeAcceptedChange(UpdateVisitor.java:127)
	at liquibase.changelog.visitor.UpdateVisitor.visit(UpdateVisitor.java:71)
	at liquibase.changelog.ChangeLogIterator.lambda$run$0(ChangeLogIterator.java:133)
	at liquibase.Scope.lambda$child$0(Scope.java:216)
	at liquibase.Scope.child(Scope.java:225)
	at liquibase.Scope.child(Scope.java:215)
	at liquibase.Scope.child(Scope.java:194)
	at liquibase.changelog.ChangeLogIterator.lambda$run$1(ChangeLogIterator.java:122)
	at liquibase.Scope.lambda$child$0(Scope.java:216)
	at liquibase.Scope.child(Scope.java:225)
	at liquibase.Scope.child(Scope.java:215)
	at liquibase.Scope.child(Scope.java:194)
	at liquibase.Scope.child(Scope.java:282)
	at liquibase.Scope.child(Scope.java:286)
	at liquibase.changelog.ChangeLogIterator.run(ChangeLogIterator.java:91)
	at liquibase.command.core.AbstractUpdateCommandStep.lambda$run$0(AbstractUpdateCommandStep.java:114)
	at liquibase.Scope.lambda$child$0(Scope.java:216)
	at liquibase.Scope.child(Scope.java:225)
	at liquibase.Scope.child(Scope.java:215)
	at liquibase.Scope.child(Scope.java:194)
	at liquibase.command.core.AbstractUpdateCommandStep.run(AbstractUpdateCommandStep.java:112)
	at liquibase.command.core.UpdateCommandStep.run(UpdateCommandStep.java:100)
	at liquibase.command.CommandScope.lambda$execute$6(CommandScope.java:263)
	at liquibase.Scope.child(Scope.java:225)
	at liquibase.Scope.child(Scope.java:201)
	at liquibase.command.CommandScope.execute(CommandScope.java:251)
	at liquibase.Liquibase.lambda$update$0(Liquibase.java:216)
	at liquibase.Scope.lambda$child$0(Scope.java:216)
	at liquibase.Scope.child(Scope.java:225)
	at liquibase.Scope.child(Scope.java:215)
	at liquibase.Scope.child(Scope.java:194)
	at liquibase.Liquibase.runInScope(Liquibase.java:1366)
	at liquibase.Liquibase.update(Liquibase.java:205)
	at liquibase.Liquibase.update(Liquibase.java:188)
	at liquibase.integration.spring.SpringLiquibase.performUpdate(SpringLiquibase.java:327)
	at liquibase.integration.spring.SpringLiquibase.lambda$afterPropertiesSet$0(SpringLiquibase.java:279)
	at liquibase.Scope.lambda$child$0(Scope.java:216)
	at liquibase.Scope.child(Scope.java:225)
	at liquibase.Scope.child(Scope.java:215)
	at liquibase.Scope.child(Scope.java:194)
	at liquibase.integration.spring.SpringLiquibase.afterPropertiesSet(SpringLiquibase.java:272)
	at org.springframework.beans.factory.support.AbstractAutowireCapableBeanFactory.invokeInitMethods(AbstractAutowireCapableBeanFactory.java:1873)
	at org.springframework.beans.factory.support.AbstractAutowireCapableBeanFactory.initializeBean(AbstractAutowireCapableBeanFactory.java:1822)
	at org.springframework.beans.factory.support.AbstractAutowireCapableBeanFactory.doCreateBean(AbstractAutowireCapableBeanFactory.java:607)
	at org.springframework.beans.factory.support.AbstractAutowireCapableBeanFactory.createBean(AbstractAutowireCapableBeanFactory.java:529)
	at org.springframework.beans.factory.support.AbstractBeanFactory.lambda$doGetBean$0(AbstractBeanFactory.java:339)
	at org.springframework.beans.factory.support.DefaultSingletonBeanRegistry.getSingleton(DefaultSingletonBeanRegistry.java:373)
	at org.springframework.beans.factory.support.AbstractBeanFactory.doGetBean(AbstractBeanFactory.java:337)
	at org.springframework.beans.factory.support.AbstractBeanFactory.getBean(AbstractBeanFactory.java:202)
	at org.springframework.beans.factory.support.AbstractBeanFactory.doGetBean(AbstractBeanFactory.java:315)
	at org.springframework.beans.factory.support.AbstractBeanFactory.getBean(AbstractBeanFactory.java:207)
	at org.springframework.context.support.AbstractApplicationContext.finishBeanFactoryInitialization(AbstractApplicationContext.java:970)
	at org.springframework.context.support.AbstractApplicationContext.refresh(AbstractApplicationContext.java:627)
	at org.springframework.boot.web.servlet.context.ServletWebServerApplicationContext.refresh(ServletWebServerApplicationContext.java:146)
	at org.springframework.boot.SpringApplication.refresh(SpringApplication.java:752)
	at org.springframework.boot.SpringApplication.refreshContext(SpringApplication.java:439)
	at org.springframework.boot.SpringApplication.run(SpringApplication.java:318)
	at org.springframework.boot.SpringApplication.run(SpringApplication.java:1361)
	at org.springframework.boot.SpringApplication.run(SpringApplication.java:1350)
	at com.example.edufood.EduFoodApplication.main(EduFoodApplication.java:10)
Caused by: org.h2.jdbc.JdbcSQLSyntaxErrorException: Таблица "DISHES" уже существует
Table "DISHES" already exists; SQL statement:
CREATE TABLE PUBLIC.dishes (id BIGINT GENERATED BY DEFAULT AS IDENTITY NOT NULL, create_time TIMESTAMP, user_id BIGINT NOT NULL, CONSTRAINT PK_DISHES PRIMARY KEY (id), CONSTRAINT fk_orders_users FOREIGN KEY (user_id) REFERENCES PUBLIC.users(id)) [42101-232]
	at org.h2.message.DbException.getJdbcSQLException(DbException.java:514)
	at org.h2.message.DbException.getJdbcSQLException(DbException.java:489)
	at org.h2.message.DbException.get(DbException.java:223)
	at org.h2.message.DbException.get(DbException.java:199)
	at org.h2.command.ddl.CreateTable.update(CreateTable.java:91)
	at org.h2.command.CommandContainer.update(CommandContainer.java:139)
	at org.h2.command.Command.executeUpdate(Command.java:304)
	at org.h2.command.Command.executeUpdate(Command.java:248)
	at org.h2.jdbc.JdbcStatement.executeInternal(JdbcStatement.java:262)
	at org.h2.jdbc.JdbcStatement.execute(JdbcStatement.java:231)
	at com.zaxxer.hikari.pool.ProxyStatement.execute(ProxyStatement.java:95)
	at com.zaxxer.hikari.pool.HikariProxyStatement.execute(HikariProxyStatement.java)
	at liquibase.executor.jvm.JdbcExecutor$ExecuteStatementCallback.doInStatement(JdbcExecutor.java:512)
	... 65 common frames omitted
2025-41-26 10:41:58 INFO  liquibase.util -msg
2025-41-26 10:41:58 INFO  liquibase.util -msg
2025-41-26 10:41:58 INFO  liquibase.util -msg
2025-41-26 10:41:58 INFO  liquibase.util -msg
2025-41-26 10:41:58 INFO  liquibase.util -msg
2025-41-26 10:41:58 INFO  liquibase.util -msg
2025-41-26 10:41:58 INFO  liquibase.util -msg
2025-41-26 10:41:58 INFO  liquibase.command -msg
2025-41-26 10:41:58 INFO  liquibase.lockservice -msg
2025-41-26 10:41:58 INFO  liquibase.command -msg
2025-41-26 10:41:58 INFO  liquibase.ui -msg
2025-41-26 10:41:58 INFO  liquibase.ui -msg
2025-41-26 10:41:58 INFO  liquibase.ui -msg
2025-41-26 10:41:58 INFO  liquibase.ui -msg
2025-41-26 10:41:58 INFO  liquibase.command -msg
2025-42-26 10:42:00 WARN  o.s.b.w.s.c.AnnotationConfigServletWebServerApplicationContext -msg
2025-42-26 10:42:00 INFO  com.zaxxer.hikari.HikariDataSource -msg
2025-42-26 10:42:00 INFO  com.zaxxer.hikari.HikariDataSource -msg
2025-42-26 10:42:00 INFO  o.a.catalina.core.StandardService -msg
2025-42-26 10:42:00 INFO  o.s.b.a.l.ConditionEvaluationReportLogger -msg
2025-42-26 10:42:00 ERROR o.s.boot.SpringApplication -msg
org.springframework.beans.factory.BeanCreationException: Error creating bean with name 'entityManagerFactory' defined in class path resource [org/springframework/boot/autoconfigure/orm/jpa/HibernateJpaConfiguration.class]: Failed to initialize dependency 'liquibase' of LoadTimeWeaverAware bean 'entityManagerFactory': Error creating bean with name 'liquibase' defined in class path resource [org/springframework/boot/autoconfigure/liquibase/LiquibaseAutoConfiguration$LiquibaseConfiguration.class]: liquibase.exception.CommandExecutionException: liquibase.exception.LiquibaseException: liquibase.exception.MigrationFailedException: Migration failed for changeset db/changelog/migrations/001_create_tables.yaml::create_table_orders::aleksei:
     Reason: liquibase.exception.DatabaseException: Таблица "DISHES" уже существует
Table "DISHES" already exists; SQL statement:
CREATE TABLE PUBLIC.dishes (id BIGINT GENERATED BY DEFAULT AS IDENTITY NOT NULL, create_time TIMESTAMP, user_id BIGINT NOT NULL, CONSTRAINT PK_DISHES PRIMARY KEY (id), CONSTRAINT fk_orders_users FOREIGN KEY (user_id) REFERENCES PUBLIC.users(id)) [42101-232] [Failed SQL: (42101) CREATE TABLE PUBLIC.dishes (id BIGINT GENERATED BY DEFAULT AS IDENTITY NOT NULL, create_time TIMESTAMP, user_id BIGINT NOT NULL, CONSTRAINT PK_DISHES PRIMARY KEY (id), CONSTRAINT fk_orders_users FOREIGN KEY (user_id) REFERENCES PUBLIC.users(id))]
	at org.springframework.beans.factory.support.AbstractBeanFactory.doGetBean(AbstractBeanFactory.java:328)
	at org.springframework.beans.factory.support.AbstractBeanFactory.getBean(AbstractBeanFactory.java:207)
	at org.springframework.context.support.AbstractApplicationContext.finishBeanFactoryInitialization(AbstractApplicationContext.java:970)
	at org.springframework.context.support.AbstractApplicationContext.refresh(AbstractApplicationContext.java:627)
	at org.springframework.boot.web.servlet.context.ServletWebServerApplicationContext.refresh(ServletWebServerApplicationContext.java:146)
	at org.springframework.boot.SpringApplication.refresh(SpringApplication.java:752)
	at org.springframework.boot.SpringApplication.refreshContext(SpringApplication.java:439)
	at org.springframework.boot.SpringApplication.run(SpringApplication.java:318)
	at org.springframework.boot.SpringApplication.run(SpringApplication.java:1361)
	at org.springframework.boot.SpringApplication.run(SpringApplication.java:1350)
	at com.example.edufood.EduFoodApplication.main(EduFoodApplication.java:10)
Caused by: org.springframework.beans.factory.BeanCreationException: Error creating bean with name 'liquibase' defined in class path resource [org/springframework/boot/autoconfigure/liquibase/LiquibaseAutoConfiguration$LiquibaseConfiguration.class]: liquibase.exception.CommandExecutionException: liquibase.exception.LiquibaseException: liquibase.exception.MigrationFailedException: Migration failed for changeset db/changelog/migrations/001_create_tables.yaml::create_table_orders::aleksei:
     Reason: liquibase.exception.DatabaseException: Таблица "DISHES" уже существует
Table "DISHES" already exists; SQL statement:
CREATE TABLE PUBLIC.dishes (id BIGINT GENERATED BY DEFAULT AS IDENTITY NOT NULL, create_time TIMESTAMP, user_id BIGINT NOT NULL, CONSTRAINT PK_DISHES PRIMARY KEY (id), CONSTRAINT fk_orders_users FOREIGN KEY (user_id) REFERENCES PUBLIC.users(id)) [42101-232] [Failed SQL: (42101) CREATE TABLE PUBLIC.dishes (id BIGINT GENERATED BY DEFAULT AS IDENTITY NOT NULL, create_time TIMESTAMP, user_id BIGINT NOT NULL, CONSTRAINT PK_DISHES PRIMARY KEY (id), CONSTRAINT fk_orders_users FOREIGN KEY (user_id) REFERENCES PUBLIC.users(id))]
	at org.springframework.beans.factory.support.AbstractAutowireCapableBeanFactory.initializeBean(AbstractAutowireCapableBeanFactory.java:1826)
	at org.springframework.beans.factory.support.AbstractAutowireCapableBeanFactory.doCreateBean(AbstractAutowireCapableBeanFactory.java:607)
	at org.springframework.beans.factory.support.AbstractAutowireCapableBeanFactory.createBean(AbstractAutowireCapableBeanFactory.java:529)
	at org.springframework.beans.factory.support.AbstractBeanFactory.lambda$doGetBean$0(AbstractBeanFactory.java:339)
	at org.springframework.beans.factory.support.DefaultSingletonBeanRegistry.getSingleton(DefaultSingletonBeanRegistry.java:373)
	at org.springframework.beans.factory.support.AbstractBeanFactory.doGetBean(AbstractBeanFactory.java:337)
	at org.springframework.beans.factory.support.AbstractBeanFactory.getBean(AbstractBeanFactory.java:202)
	at org.springframework.beans.factory.support.AbstractBeanFactory.doGetBean(AbstractBeanFactory.java:315)
	... 10 common frames omitted
Caused by: liquibase.exception.LiquibaseException: liquibase.exception.CommandExecutionException: liquibase.exception.LiquibaseException: liquibase.exception.MigrationFailedException: Migration failed for changeset db/changelog/migrations/001_create_tables.yaml::create_table_orders::aleksei:
     Reason: liquibase.exception.DatabaseException: Таблица "DISHES" уже существует
Table "DISHES" already exists; SQL statement:
CREATE TABLE PUBLIC.dishes (id BIGINT GENERATED BY DEFAULT AS IDENTITY NOT NULL, create_time TIMESTAMP, user_id BIGINT NOT NULL, CONSTRAINT PK_DISHES PRIMARY KEY (id), CONSTRAINT fk_orders_users FOREIGN KEY (user_id) REFERENCES PUBLIC.users(id)) [42101-232] [Failed SQL: (42101) CREATE TABLE PUBLIC.dishes (id BIGINT GENERATED BY DEFAULT AS IDENTITY NOT NULL, create_time TIMESTAMP, user_id BIGINT NOT NULL, CONSTRAINT PK_DISHES PRIMARY KEY (id), CONSTRAINT fk_orders_users FOREIGN KEY (user_id) REFERENCES PUBLIC.users(id))]
	at liquibase.integration.spring.SpringLiquibase.afterPropertiesSet(SpringLiquibase.java:289)
	at org.springframework.beans.factory.support.AbstractAutowireCapableBeanFactory.invokeInitMethods(AbstractAutowireCapableBeanFactory.java:1873)
	at org.springframework.beans.factory.support.AbstractAutowireCapableBeanFactory.initializeBean(AbstractAutowireCapableBeanFactory.java:1822)
	... 17 common frames omitted
Caused by: liquibase.exception.CommandExecutionException: liquibase.exception.LiquibaseException: liquibase.exception.MigrationFailedException: Migration failed for changeset db/changelog/migrations/001_create_tables.yaml::create_table_orders::aleksei:
     Reason: liquibase.exception.DatabaseException: Таблица "DISHES" уже существует
Table "DISHES" already exists; SQL statement:
CREATE TABLE PUBLIC.dishes (id BIGINT GENERATED BY DEFAULT AS IDENTITY NOT NULL, create_time TIMESTAMP, user_id BIGINT NOT NULL, CONSTRAINT PK_DISHES PRIMARY KEY (id), CONSTRAINT fk_orders_users FOREIGN KEY (user_id) REFERENCES PUBLIC.users(id)) [42101-232] [Failed SQL: (42101) CREATE TABLE PUBLIC.dishes (id BIGINT GENERATED BY DEFAULT AS IDENTITY NOT NULL, create_time TIMESTAMP, user_id BIGINT NOT NULL, CONSTRAINT PK_DISHES PRIMARY KEY (id), CONSTRAINT fk_orders_users FOREIGN KEY (user_id) REFERENCES PUBLIC.users(id))]
	at liquibase.command.CommandScope.lambda$execute$6(CommandScope.java:310)
	at liquibase.Scope.child(Scope.java:225)
	at liquibase.Scope.child(Scope.java:201)
	at liquibase.command.CommandScope.execute(CommandScope.java:251)
	at liquibase.Liquibase.lambda$update$0(Liquibase.java:216)
	at liquibase.Scope.lambda$child$0(Scope.java:216)
	at liquibase.Scope.child(Scope.java:225)
	at liquibase.Scope.child(Scope.java:215)
	at liquibase.Scope.child(Scope.java:194)
	at liquibase.Liquibase.runInScope(Liquibase.java:1366)
	at liquibase.Liquibase.update(Liquibase.java:205)
	at liquibase.Liquibase.update(Liquibase.java:188)
	at liquibase.integration.spring.SpringLiquibase.performUpdate(SpringLiquibase.java:327)
	at liquibase.integration.spring.SpringLiquibase.lambda$afterPropertiesSet$0(SpringLiquibase.java:279)
	at liquibase.Scope.lambda$child$0(Scope.java:216)
	at liquibase.Scope.child(Scope.java:225)
	at liquibase.Scope.child(Scope.java:215)
	at liquibase.Scope.child(Scope.java:194)
	at liquibase.integration.spring.SpringLiquibase.afterPropertiesSet(SpringLiquibase.java:272)
	... 19 common frames omitted
Caused by: liquibase.exception.LiquibaseException: liquibase.exception.MigrationFailedException: Migration failed for changeset db/changelog/migrations/001_create_tables.yaml::create_table_orders::aleksei:
     Reason: liquibase.exception.DatabaseException: Таблица "DISHES" уже существует
Table "DISHES" already exists; SQL statement:
CREATE TABLE PUBLIC.dishes (id BIGINT GENERATED BY DEFAULT AS IDENTITY NOT NULL, create_time TIMESTAMP, user_id BIGINT NOT NULL, CONSTRAINT PK_DISHES PRIMARY KEY (id), CONSTRAINT fk_orders_users FOREIGN KEY (user_id) REFERENCES PUBLIC.users(id)) [42101-232] [Failed SQL: (42101) CREATE TABLE PUBLIC.dishes (id BIGINT GENERATED BY DEFAULT AS IDENTITY NOT NULL, create_time TIMESTAMP, user_id BIGINT NOT NULL, CONSTRAINT PK_DISHES PRIMARY KEY (id), CONSTRAINT fk_orders_users FOREIGN KEY (user_id) REFERENCES PUBLIC.users(id))]
	at liquibase.changelog.ChangeLogIterator.run(ChangeLogIterator.java:155)
	at liquibase.command.core.AbstractUpdateCommandStep.lambda$run$0(AbstractUpdateCommandStep.java:114)
	at liquibase.Scope.lambda$child$0(Scope.java:216)
	at liquibase.Scope.child(Scope.java:225)
	at liquibase.Scope.child(Scope.java:215)
	at liquibase.Scope.child(Scope.java:194)
	at liquibase.command.core.AbstractUpdateCommandStep.run(AbstractUpdateCommandStep.java:112)
	at liquibase.command.core.UpdateCommandStep.run(UpdateCommandStep.java:100)
	at liquibase.command.CommandScope.lambda$execute$6(CommandScope.java:263)
	... 37 common frames omitted
Caused by: liquibase.exception.MigrationFailedException: Migration failed for changeset db/changelog/migrations/001_create_tables.yaml::create_table_orders::aleksei:
     Reason: liquibase.exception.DatabaseException: Таблица "DISHES" уже существует
Table "DISHES" already exists; SQL statement:
CREATE TABLE PUBLIC.dishes (id BIGINT GENERATED BY DEFAULT AS IDENTITY NOT NULL, create_time TIMESTAMP, user_id BIGINT NOT NULL, CONSTRAINT PK_DISHES PRIMARY KEY (id), CONSTRAINT fk_orders_users FOREIGN KEY (user_id) REFERENCES PUBLIC.users(id)) [42101-232] [Failed SQL: (42101) CREATE TABLE PUBLIC.dishes (id BIGINT GENERATED BY DEFAULT AS IDENTITY NOT NULL, create_time TIMESTAMP, user_id BIGINT NOT NULL, CONSTRAINT PK_DISHES PRIMARY KEY (id), CONSTRAINT fk_orders_users FOREIGN KEY (user_id) REFERENCES PUBLIC.users(id))]
	at liquibase.changelog.ChangeSet.execute(ChangeSet.java:873)
	at liquibase.changelog.visitor.UpdateVisitor.executeAcceptedChange(UpdateVisitor.java:127)
	at liquibase.changelog.visitor.UpdateVisitor.visit(UpdateVisitor.java:71)
	at liquibase.changelog.ChangeLogIterator.lambda$run$0(ChangeLogIterator.java:133)
	at liquibase.Scope.lambda$child$0(Scope.java:216)
	at liquibase.Scope.child(Scope.java:225)
	at liquibase.Scope.child(Scope.java:215)
	at liquibase.Scope.child(Scope.java:194)
	at liquibase.changelog.ChangeLogIterator.lambda$run$1(ChangeLogIterator.java:122)
	at liquibase.Scope.lambda$child$0(Scope.java:216)
	at liquibase.Scope.child(Scope.java:225)
	at liquibase.Scope.child(Scope.java:215)
	at liquibase.Scope.child(Scope.java:194)
	at liquibase.Scope.child(Scope.java:282)
	at liquibase.Scope.child(Scope.java:286)
	at liquibase.changelog.ChangeLogIterator.run(ChangeLogIterator.java:91)
	... 45 common frames omitted
Caused by: liquibase.exception.DatabaseException: Таблица "DISHES" уже существует
Table "DISHES" already exists; SQL statement:
CREATE TABLE PUBLIC.dishes (id BIGINT GENERATED BY DEFAULT AS IDENTITY NOT NULL, create_time TIMESTAMP, user_id BIGINT NOT NULL, CONSTRAINT PK_DISHES PRIMARY KEY (id), CONSTRAINT fk_orders_users FOREIGN KEY (user_id) REFERENCES PUBLIC.users(id)) [42101-232] [Failed SQL: (42101) CREATE TABLE PUBLIC.dishes (id BIGINT GENERATED BY DEFAULT AS IDENTITY NOT NULL, create_time TIMESTAMP, user_id BIGINT NOT NULL, CONSTRAINT PK_DISHES PRIMARY KEY (id), CONSTRAINT fk_orders_users FOREIGN KEY (user_id) REFERENCES PUBLIC.users(id))]
	at liquibase.executor.jvm.JdbcExecutor$ExecuteStatementCallback.doInStatement(JdbcExecutor.java:520)
	at liquibase.executor.jvm.JdbcExecutor.execute(JdbcExecutor.java:85)
	at liquibase.executor.jvm.JdbcExecutor.execute(JdbcExecutor.java:188)
	at liquibase.executor.AbstractExecutor.execute(AbstractExecutor.java:148)
	at liquibase.database.AbstractJdbcDatabase.executeStatements(AbstractJdbcDatabase.java:1198)
	at liquibase.changelog.ChangeSet.execute(ChangeSet.java:816)
	... 60 common frames omitted
Caused by: org.h2.jdbc.JdbcSQLSyntaxErrorException: Таблица "DISHES" уже существует
Table "DISHES" already exists; SQL statement:
CREATE TABLE PUBLIC.dishes (id BIGINT GENERATED BY DEFAULT AS IDENTITY NOT NULL, create_time TIMESTAMP, user_id BIGINT NOT NULL, CONSTRAINT PK_DISHES PRIMARY KEY (id), CONSTRAINT fk_orders_users FOREIGN KEY (user_id) REFERENCES PUBLIC.users(id)) [42101-232]
	at org.h2.message.DbException.getJdbcSQLException(DbException.java:514)
	at org.h2.message.DbException.getJdbcSQLException(DbException.java:489)
	at org.h2.message.DbException.get(DbException.java:223)
	at org.h2.message.DbException.get(DbException.java:199)
	at org.h2.command.ddl.CreateTable.update(CreateTable.java:91)
	at org.h2.command.CommandContainer.update(CommandContainer.java:139)
	at org.h2.command.Command.executeUpdate(Command.java:304)
	at org.h2.command.Command.executeUpdate(Command.java:248)
	at org.h2.jdbc.JdbcStatement.executeInternal(JdbcStatement.java:262)
	at org.h2.jdbc.JdbcStatement.execute(JdbcStatement.java:231)
	at com.zaxxer.hikari.pool.ProxyStatement.execute(ProxyStatement.java:95)
	at com.zaxxer.hikari.pool.HikariProxyStatement.execute(HikariProxyStatement.java)
	at liquibase.executor.jvm.JdbcExecutor$ExecuteStatementCallback.doInStatement(JdbcExecutor.java:512)
	... 65 common frames omitted
2025-43-26 10:43:22 INFO  c.example.edufood.EduFoodApplication -msg
2025-43-26 10:43:22 INFO  c.example.edufood.EduFoodApplication -msg
2025-43-26 10:43:22 INFO  o.s.d.r.c.RepositoryConfigurationDelegate -msg
2025-43-26 10:43:22 INFO  o.s.d.r.c.RepositoryConfigurationDelegate -msg
2025-43-26 10:43:22 INFO  o.s.b.w.e.tomcat.TomcatWebServer -msg
2025-43-26 10:43:22 INFO  o.a.catalina.core.StandardService -msg
2025-43-26 10:43:22 INFO  o.a.catalina.core.StandardEngine -msg
2025-43-26 10:43:22 INFO  o.a.c.c.C.[Tomcat].[localhost].[/] -msg
2025-43-26 10:43:22 INFO  o.s.b.w.s.c.ServletWebServerApplicationContext -msg
2025-43-26 10:43:22 INFO  com.zaxxer.hikari.HikariDataSource -msg
2025-43-26 10:43:22 INFO  com.zaxxer.hikari.pool.HikariPool -msg
2025-43-26 10:43:22 INFO  com.zaxxer.hikari.HikariDataSource -msg
2025-43-26 10:43:22 INFO  liquibase.database -msg
2025-43-26 10:43:23 INFO  liquibase.changelog -msg
2025-43-26 10:43:23 INFO  liquibase.changelog -msg
2025-43-26 10:43:23 INFO  liquibase.changelog -msg
2025-43-26 10:43:23 INFO  liquibase.changelog -msg
2025-43-26 10:43:23 INFO  liquibase.snapshot -msg
2025-43-26 10:43:23 INFO  liquibase.lockservice -msg
2025-43-26 10:43:23 INFO  liquibase.command -msg
2025-43-26 10:43:23 INFO  liquibase.changelog -msg
2025-43-26 10:43:23 INFO  liquibase.ui -msg
2025-43-26 10:43:23 INFO  liquibase.changelog -msg
2025-43-26 10:43:23 INFO  liquibase.changelog -msg
2025-43-26 10:43:23 INFO  liquibase.ui -msg
2025-43-26 10:43:23 INFO  liquibase.changelog -msg
2025-43-26 10:43:23 INFO  liquibase.changelog -msg
2025-43-26 10:43:23 INFO  liquibase.ui -msg
2025-43-26 10:43:23 INFO  liquibase.changelog -msg
2025-43-26 10:43:23 INFO  liquibase.changelog -msg
2025-43-26 10:43:23 INFO  liquibase.ui -msg
2025-43-26 10:43:23 INFO  liquibase.changelog -msg
2025-43-26 10:43:23 INFO  liquibase.changelog -msg
2025-43-26 10:43:23 INFO  liquibase.ui -msg
2025-43-26 10:43:23 ERROR liquibase.changelog -msg
liquibase.exception.DatabaseException: Таблица "DISHES" уже существует
Table "DISHES" already exists; SQL statement:
CREATE TABLE PUBLIC.dishes (id BIGINT GENERATED BY DEFAULT AS IDENTITY NOT NULL, create_time TIMESTAMP, user_id BIGINT NOT NULL, CONSTRAINT PK_DISHES PRIMARY KEY (id), CONSTRAINT fk_orders_users FOREIGN KEY (user_id) REFERENCES PUBLIC.users(id)) [42101-232] [Failed SQL: (42101) CREATE TABLE PUBLIC.dishes (id BIGINT GENERATED BY DEFAULT AS IDENTITY NOT NULL, create_time TIMESTAMP, user_id BIGINT NOT NULL, CONSTRAINT PK_DISHES PRIMARY KEY (id), CONSTRAINT fk_orders_users FOREIGN KEY (user_id) REFERENCES PUBLIC.users(id))]
	at liquibase.executor.jvm.JdbcExecutor$ExecuteStatementCallback.doInStatement(JdbcExecutor.java:520)
	at liquibase.executor.jvm.JdbcExecutor.execute(JdbcExecutor.java:85)
	at liquibase.executor.jvm.JdbcExecutor.execute(JdbcExecutor.java:188)
	at liquibase.executor.AbstractExecutor.execute(AbstractExecutor.java:148)
	at liquibase.database.AbstractJdbcDatabase.executeStatements(AbstractJdbcDatabase.java:1198)
	at liquibase.changelog.ChangeSet.execute(ChangeSet.java:816)
	at liquibase.changelog.visitor.UpdateVisitor.executeAcceptedChange(UpdateVisitor.java:127)
	at liquibase.changelog.visitor.UpdateVisitor.visit(UpdateVisitor.java:71)
	at liquibase.changelog.ChangeLogIterator.lambda$run$0(ChangeLogIterator.java:133)
	at liquibase.Scope.lambda$child$0(Scope.java:216)
	at liquibase.Scope.child(Scope.java:225)
	at liquibase.Scope.child(Scope.java:215)
	at liquibase.Scope.child(Scope.java:194)
	at liquibase.changelog.ChangeLogIterator.lambda$run$1(ChangeLogIterator.java:122)
	at liquibase.Scope.lambda$child$0(Scope.java:216)
	at liquibase.Scope.child(Scope.java:225)
	at liquibase.Scope.child(Scope.java:215)
	at liquibase.Scope.child(Scope.java:194)
	at liquibase.Scope.child(Scope.java:282)
	at liquibase.Scope.child(Scope.java:286)
	at liquibase.changelog.ChangeLogIterator.run(ChangeLogIterator.java:91)
	at liquibase.command.core.AbstractUpdateCommandStep.lambda$run$0(AbstractUpdateCommandStep.java:114)
	at liquibase.Scope.lambda$child$0(Scope.java:216)
	at liquibase.Scope.child(Scope.java:225)
	at liquibase.Scope.child(Scope.java:215)
	at liquibase.Scope.child(Scope.java:194)
	at liquibase.command.core.AbstractUpdateCommandStep.run(AbstractUpdateCommandStep.java:112)
	at liquibase.command.core.UpdateCommandStep.run(UpdateCommandStep.java:100)
	at liquibase.command.CommandScope.lambda$execute$6(CommandScope.java:263)
	at liquibase.Scope.child(Scope.java:225)
	at liquibase.Scope.child(Scope.java:201)
	at liquibase.command.CommandScope.execute(CommandScope.java:251)
	at liquibase.Liquibase.lambda$update$0(Liquibase.java:216)
	at liquibase.Scope.lambda$child$0(Scope.java:216)
	at liquibase.Scope.child(Scope.java:225)
	at liquibase.Scope.child(Scope.java:215)
	at liquibase.Scope.child(Scope.java:194)
	at liquibase.Liquibase.runInScope(Liquibase.java:1366)
	at liquibase.Liquibase.update(Liquibase.java:205)
	at liquibase.Liquibase.update(Liquibase.java:188)
	at liquibase.integration.spring.SpringLiquibase.performUpdate(SpringLiquibase.java:327)
	at liquibase.integration.spring.SpringLiquibase.lambda$afterPropertiesSet$0(SpringLiquibase.java:279)
	at liquibase.Scope.lambda$child$0(Scope.java:216)
	at liquibase.Scope.child(Scope.java:225)
	at liquibase.Scope.child(Scope.java:215)
	at liquibase.Scope.child(Scope.java:194)
	at liquibase.integration.spring.SpringLiquibase.afterPropertiesSet(SpringLiquibase.java:272)
	at org.springframework.beans.factory.support.AbstractAutowireCapableBeanFactory.invokeInitMethods(AbstractAutowireCapableBeanFactory.java:1873)
	at org.springframework.beans.factory.support.AbstractAutowireCapableBeanFactory.initializeBean(AbstractAutowireCapableBeanFactory.java:1822)
	at org.springframework.beans.factory.support.AbstractAutowireCapableBeanFactory.doCreateBean(AbstractAutowireCapableBeanFactory.java:607)
	at org.springframework.beans.factory.support.AbstractAutowireCapableBeanFactory.createBean(AbstractAutowireCapableBeanFactory.java:529)
	at org.springframework.beans.factory.support.AbstractBeanFactory.lambda$doGetBean$0(AbstractBeanFactory.java:339)
	at org.springframework.beans.factory.support.DefaultSingletonBeanRegistry.getSingleton(DefaultSingletonBeanRegistry.java:373)
	at org.springframework.beans.factory.support.AbstractBeanFactory.doGetBean(AbstractBeanFactory.java:337)
	at org.springframework.beans.factory.support.AbstractBeanFactory.getBean(AbstractBeanFactory.java:202)
	at org.springframework.beans.factory.support.AbstractBeanFactory.doGetBean(AbstractBeanFactory.java:315)
	at org.springframework.beans.factory.support.AbstractBeanFactory.getBean(AbstractBeanFactory.java:207)
	at org.springframework.context.support.AbstractApplicationContext.finishBeanFactoryInitialization(AbstractApplicationContext.java:970)
	at org.springframework.context.support.AbstractApplicationContext.refresh(AbstractApplicationContext.java:627)
	at org.springframework.boot.web.servlet.context.ServletWebServerApplicationContext.refresh(ServletWebServerApplicationContext.java:146)
	at org.springframework.boot.SpringApplication.refresh(SpringApplication.java:752)
	at org.springframework.boot.SpringApplication.refreshContext(SpringApplication.java:439)
	at org.springframework.boot.SpringApplication.run(SpringApplication.java:318)
	at org.springframework.boot.SpringApplication.run(SpringApplication.java:1361)
	at org.springframework.boot.SpringApplication.run(SpringApplication.java:1350)
	at com.example.edufood.EduFoodApplication.main(EduFoodApplication.java:10)
Caused by: org.h2.jdbc.JdbcSQLSyntaxErrorException: Таблица "DISHES" уже существует
Table "DISHES" already exists; SQL statement:
CREATE TABLE PUBLIC.dishes (id BIGINT GENERATED BY DEFAULT AS IDENTITY NOT NULL, create_time TIMESTAMP, user_id BIGINT NOT NULL, CONSTRAINT PK_DISHES PRIMARY KEY (id), CONSTRAINT fk_orders_users FOREIGN KEY (user_id) REFERENCES PUBLIC.users(id)) [42101-232]
	at org.h2.message.DbException.getJdbcSQLException(DbException.java:514)
	at org.h2.message.DbException.getJdbcSQLException(DbException.java:489)
	at org.h2.message.DbException.get(DbException.java:223)
	at org.h2.message.DbException.get(DbException.java:199)
	at org.h2.command.ddl.CreateTable.update(CreateTable.java:91)
	at org.h2.command.CommandContainer.update(CommandContainer.java:139)
	at org.h2.command.Command.executeUpdate(Command.java:304)
	at org.h2.command.Command.executeUpdate(Command.java:248)
	at org.h2.jdbc.JdbcStatement.executeInternal(JdbcStatement.java:262)
	at org.h2.jdbc.JdbcStatement.execute(JdbcStatement.java:231)
	at com.zaxxer.hikari.pool.ProxyStatement.execute(ProxyStatement.java:95)
	at com.zaxxer.hikari.pool.HikariProxyStatement.execute(HikariProxyStatement.java)
	at liquibase.executor.jvm.JdbcExecutor$ExecuteStatementCallback.doInStatement(JdbcExecutor.java:512)
	... 65 common frames omitted
2025-43-26 10:43:23 INFO  liquibase.util -msg
2025-43-26 10:43:23 INFO  liquibase.util -msg
2025-43-26 10:43:23 INFO  liquibase.util -msg
2025-43-26 10:43:23 INFO  liquibase.util -msg
2025-43-26 10:43:23 INFO  liquibase.util -msg
2025-43-26 10:43:23 INFO  liquibase.util -msg
2025-43-26 10:43:23 INFO  liquibase.util -msg
2025-43-26 10:43:23 INFO  liquibase.command -msg
2025-43-26 10:43:23 INFO  liquibase.lockservice -msg
2025-43-26 10:43:23 INFO  liquibase.command -msg
2025-43-26 10:43:23 INFO  liquibase.ui -msg
2025-43-26 10:43:23 INFO  liquibase.ui -msg
2025-43-26 10:43:23 INFO  liquibase.ui -msg
2025-43-26 10:43:23 INFO  liquibase.ui -msg
2025-43-26 10:43:23 INFO  liquibase.command -msg
2025-43-26 10:43:24 WARN  o.s.b.w.s.c.AnnotationConfigServletWebServerApplicationContext -msg
2025-43-26 10:43:24 INFO  com.zaxxer.hikari.HikariDataSource -msg
2025-43-26 10:43:24 INFO  com.zaxxer.hikari.HikariDataSource -msg
2025-43-26 10:43:24 INFO  o.a.catalina.core.StandardService -msg
2025-43-26 10:43:24 INFO  o.s.b.a.l.ConditionEvaluationReportLogger -msg
2025-43-26 10:43:24 ERROR o.s.boot.SpringApplication -msg
org.springframework.beans.factory.BeanCreationException: Error creating bean with name 'entityManagerFactory' defined in class path resource [org/springframework/boot/autoconfigure/orm/jpa/HibernateJpaConfiguration.class]: Failed to initialize dependency 'liquibase' of LoadTimeWeaverAware bean 'entityManagerFactory': Error creating bean with name 'liquibase' defined in class path resource [org/springframework/boot/autoconfigure/liquibase/LiquibaseAutoConfiguration$LiquibaseConfiguration.class]: liquibase.exception.CommandExecutionException: liquibase.exception.LiquibaseException: liquibase.exception.MigrationFailedException: Migration failed for changeset db/changelog/migrations/001_create_tables.yaml::create_table_orders::aleksei:
     Reason: liquibase.exception.DatabaseException: Таблица "DISHES" уже существует
Table "DISHES" already exists; SQL statement:
CREATE TABLE PUBLIC.dishes (id BIGINT GENERATED BY DEFAULT AS IDENTITY NOT NULL, create_time TIMESTAMP, user_id BIGINT NOT NULL, CONSTRAINT PK_DISHES PRIMARY KEY (id), CONSTRAINT fk_orders_users FOREIGN KEY (user_id) REFERENCES PUBLIC.users(id)) [42101-232] [Failed SQL: (42101) CREATE TABLE PUBLIC.dishes (id BIGINT GENERATED BY DEFAULT AS IDENTITY NOT NULL, create_time TIMESTAMP, user_id BIGINT NOT NULL, CONSTRAINT PK_DISHES PRIMARY KEY (id), CONSTRAINT fk_orders_users FOREIGN KEY (user_id) REFERENCES PUBLIC.users(id))]
	at org.springframework.beans.factory.support.AbstractBeanFactory.doGetBean(AbstractBeanFactory.java:328)
	at org.springframework.beans.factory.support.AbstractBeanFactory.getBean(AbstractBeanFactory.java:207)
	at org.springframework.context.support.AbstractApplicationContext.finishBeanFactoryInitialization(AbstractApplicationContext.java:970)
	at org.springframework.context.support.AbstractApplicationContext.refresh(AbstractApplicationContext.java:627)
	at org.springframework.boot.web.servlet.context.ServletWebServerApplicationContext.refresh(ServletWebServerApplicationContext.java:146)
	at org.springframework.boot.SpringApplication.refresh(SpringApplication.java:752)
	at org.springframework.boot.SpringApplication.refreshContext(SpringApplication.java:439)
	at org.springframework.boot.SpringApplication.run(SpringApplication.java:318)
	at org.springframework.boot.SpringApplication.run(SpringApplication.java:1361)
	at org.springframework.boot.SpringApplication.run(SpringApplication.java:1350)
	at com.example.edufood.EduFoodApplication.main(EduFoodApplication.java:10)
Caused by: org.springframework.beans.factory.BeanCreationException: Error creating bean with name 'liquibase' defined in class path resource [org/springframework/boot/autoconfigure/liquibase/LiquibaseAutoConfiguration$LiquibaseConfiguration.class]: liquibase.exception.CommandExecutionException: liquibase.exception.LiquibaseException: liquibase.exception.MigrationFailedException: Migration failed for changeset db/changelog/migrations/001_create_tables.yaml::create_table_orders::aleksei:
     Reason: liquibase.exception.DatabaseException: Таблица "DISHES" уже существует
Table "DISHES" already exists; SQL statement:
CREATE TABLE PUBLIC.dishes (id BIGINT GENERATED BY DEFAULT AS IDENTITY NOT NULL, create_time TIMESTAMP, user_id BIGINT NOT NULL, CONSTRAINT PK_DISHES PRIMARY KEY (id), CONSTRAINT fk_orders_users FOREIGN KEY (user_id) REFERENCES PUBLIC.users(id)) [42101-232] [Failed SQL: (42101) CREATE TABLE PUBLIC.dishes (id BIGINT GENERATED BY DEFAULT AS IDENTITY NOT NULL, create_time TIMESTAMP, user_id BIGINT NOT NULL, CONSTRAINT PK_DISHES PRIMARY KEY (id), CONSTRAINT fk_orders_users FOREIGN KEY (user_id) REFERENCES PUBLIC.users(id))]
	at org.springframework.beans.factory.support.AbstractAutowireCapableBeanFactory.initializeBean(AbstractAutowireCapableBeanFactory.java:1826)
	at org.springframework.beans.factory.support.AbstractAutowireCapableBeanFactory.doCreateBean(AbstractAutowireCapableBeanFactory.java:607)
	at org.springframework.beans.factory.support.AbstractAutowireCapableBeanFactory.createBean(AbstractAutowireCapableBeanFactory.java:529)
	at org.springframework.beans.factory.support.AbstractBeanFactory.lambda$doGetBean$0(AbstractBeanFactory.java:339)
	at org.springframework.beans.factory.support.DefaultSingletonBeanRegistry.getSingleton(DefaultSingletonBeanRegistry.java:373)
	at org.springframework.beans.factory.support.AbstractBeanFactory.doGetBean(AbstractBeanFactory.java:337)
	at org.springframework.beans.factory.support.AbstractBeanFactory.getBean(AbstractBeanFactory.java:202)
	at org.springframework.beans.factory.support.AbstractBeanFactory.doGetBean(AbstractBeanFactory.java:315)
	... 10 common frames omitted
Caused by: liquibase.exception.LiquibaseException: liquibase.exception.CommandExecutionException: liquibase.exception.LiquibaseException: liquibase.exception.MigrationFailedException: Migration failed for changeset db/changelog/migrations/001_create_tables.yaml::create_table_orders::aleksei:
     Reason: liquibase.exception.DatabaseException: Таблица "DISHES" уже существует
Table "DISHES" already exists; SQL statement:
CREATE TABLE PUBLIC.dishes (id BIGINT GENERATED BY DEFAULT AS IDENTITY NOT NULL, create_time TIMESTAMP, user_id BIGINT NOT NULL, CONSTRAINT PK_DISHES PRIMARY KEY (id), CONSTRAINT fk_orders_users FOREIGN KEY (user_id) REFERENCES PUBLIC.users(id)) [42101-232] [Failed SQL: (42101) CREATE TABLE PUBLIC.dishes (id BIGINT GENERATED BY DEFAULT AS IDENTITY NOT NULL, create_time TIMESTAMP, user_id BIGINT NOT NULL, CONSTRAINT PK_DISHES PRIMARY KEY (id), CONSTRAINT fk_orders_users FOREIGN KEY (user_id) REFERENCES PUBLIC.users(id))]
	at liquibase.integration.spring.SpringLiquibase.afterPropertiesSet(SpringLiquibase.java:289)
	at org.springframework.beans.factory.support.AbstractAutowireCapableBeanFactory.invokeInitMethods(AbstractAutowireCapableBeanFactory.java:1873)
	at org.springframework.beans.factory.support.AbstractAutowireCapableBeanFactory.initializeBean(AbstractAutowireCapableBeanFactory.java:1822)
	... 17 common frames omitted
Caused by: liquibase.exception.CommandExecutionException: liquibase.exception.LiquibaseException: liquibase.exception.MigrationFailedException: Migration failed for changeset db/changelog/migrations/001_create_tables.yaml::create_table_orders::aleksei:
     Reason: liquibase.exception.DatabaseException: Таблица "DISHES" уже существует
Table "DISHES" already exists; SQL statement:
CREATE TABLE PUBLIC.dishes (id BIGINT GENERATED BY DEFAULT AS IDENTITY NOT NULL, create_time TIMESTAMP, user_id BIGINT NOT NULL, CONSTRAINT PK_DISHES PRIMARY KEY (id), CONSTRAINT fk_orders_users FOREIGN KEY (user_id) REFERENCES PUBLIC.users(id)) [42101-232] [Failed SQL: (42101) CREATE TABLE PUBLIC.dishes (id BIGINT GENERATED BY DEFAULT AS IDENTITY NOT NULL, create_time TIMESTAMP, user_id BIGINT NOT NULL, CONSTRAINT PK_DISHES PRIMARY KEY (id), CONSTRAINT fk_orders_users FOREIGN KEY (user_id) REFERENCES PUBLIC.users(id))]
	at liquibase.command.CommandScope.lambda$execute$6(CommandScope.java:310)
	at liquibase.Scope.child(Scope.java:225)
	at liquibase.Scope.child(Scope.java:201)
	at liquibase.command.CommandScope.execute(CommandScope.java:251)
	at liquibase.Liquibase.lambda$update$0(Liquibase.java:216)
	at liquibase.Scope.lambda$child$0(Scope.java:216)
	at liquibase.Scope.child(Scope.java:225)
	at liquibase.Scope.child(Scope.java:215)
	at liquibase.Scope.child(Scope.java:194)
	at liquibase.Liquibase.runInScope(Liquibase.java:1366)
	at liquibase.Liquibase.update(Liquibase.java:205)
	at liquibase.Liquibase.update(Liquibase.java:188)
	at liquibase.integration.spring.SpringLiquibase.performUpdate(SpringLiquibase.java:327)
	at liquibase.integration.spring.SpringLiquibase.lambda$afterPropertiesSet$0(SpringLiquibase.java:279)
	at liquibase.Scope.lambda$child$0(Scope.java:216)
	at liquibase.Scope.child(Scope.java:225)
	at liquibase.Scope.child(Scope.java:215)
	at liquibase.Scope.child(Scope.java:194)
	at liquibase.integration.spring.SpringLiquibase.afterPropertiesSet(SpringLiquibase.java:272)
	... 19 common frames omitted
Caused by: liquibase.exception.LiquibaseException: liquibase.exception.MigrationFailedException: Migration failed for changeset db/changelog/migrations/001_create_tables.yaml::create_table_orders::aleksei:
     Reason: liquibase.exception.DatabaseException: Таблица "DISHES" уже существует
Table "DISHES" already exists; SQL statement:
CREATE TABLE PUBLIC.dishes (id BIGINT GENERATED BY DEFAULT AS IDENTITY NOT NULL, create_time TIMESTAMP, user_id BIGINT NOT NULL, CONSTRAINT PK_DISHES PRIMARY KEY (id), CONSTRAINT fk_orders_users FOREIGN KEY (user_id) REFERENCES PUBLIC.users(id)) [42101-232] [Failed SQL: (42101) CREATE TABLE PUBLIC.dishes (id BIGINT GENERATED BY DEFAULT AS IDENTITY NOT NULL, create_time TIMESTAMP, user_id BIGINT NOT NULL, CONSTRAINT PK_DISHES PRIMARY KEY (id), CONSTRAINT fk_orders_users FOREIGN KEY (user_id) REFERENCES PUBLIC.users(id))]
	at liquibase.changelog.ChangeLogIterator.run(ChangeLogIterator.java:155)
	at liquibase.command.core.AbstractUpdateCommandStep.lambda$run$0(AbstractUpdateCommandStep.java:114)
	at liquibase.Scope.lambda$child$0(Scope.java:216)
	at liquibase.Scope.child(Scope.java:225)
	at liquibase.Scope.child(Scope.java:215)
	at liquibase.Scope.child(Scope.java:194)
	at liquibase.command.core.AbstractUpdateCommandStep.run(AbstractUpdateCommandStep.java:112)
	at liquibase.command.core.UpdateCommandStep.run(UpdateCommandStep.java:100)
	at liquibase.command.CommandScope.lambda$execute$6(CommandScope.java:263)
	... 37 common frames omitted
Caused by: liquibase.exception.MigrationFailedException: Migration failed for changeset db/changelog/migrations/001_create_tables.yaml::create_table_orders::aleksei:
     Reason: liquibase.exception.DatabaseException: Таблица "DISHES" уже существует
Table "DISHES" already exists; SQL statement:
CREATE TABLE PUBLIC.dishes (id BIGINT GENERATED BY DEFAULT AS IDENTITY NOT NULL, create_time TIMESTAMP, user_id BIGINT NOT NULL, CONSTRAINT PK_DISHES PRIMARY KEY (id), CONSTRAINT fk_orders_users FOREIGN KEY (user_id) REFERENCES PUBLIC.users(id)) [42101-232] [Failed SQL: (42101) CREATE TABLE PUBLIC.dishes (id BIGINT GENERATED BY DEFAULT AS IDENTITY NOT NULL, create_time TIMESTAMP, user_id BIGINT NOT NULL, CONSTRAINT PK_DISHES PRIMARY KEY (id), CONSTRAINT fk_orders_users FOREIGN KEY (user_id) REFERENCES PUBLIC.users(id))]
	at liquibase.changelog.ChangeSet.execute(ChangeSet.java:873)
	at liquibase.changelog.visitor.UpdateVisitor.executeAcceptedChange(UpdateVisitor.java:127)
	at liquibase.changelog.visitor.UpdateVisitor.visit(UpdateVisitor.java:71)
	at liquibase.changelog.ChangeLogIterator.lambda$run$0(ChangeLogIterator.java:133)
	at liquibase.Scope.lambda$child$0(Scope.java:216)
	at liquibase.Scope.child(Scope.java:225)
	at liquibase.Scope.child(Scope.java:215)
	at liquibase.Scope.child(Scope.java:194)
	at liquibase.changelog.ChangeLogIterator.lambda$run$1(ChangeLogIterator.java:122)
	at liquibase.Scope.lambda$child$0(Scope.java:216)
	at liquibase.Scope.child(Scope.java:225)
	at liquibase.Scope.child(Scope.java:215)
	at liquibase.Scope.child(Scope.java:194)
	at liquibase.Scope.child(Scope.java:282)
	at liquibase.Scope.child(Scope.java:286)
	at liquibase.changelog.ChangeLogIterator.run(ChangeLogIterator.java:91)
	... 45 common frames omitted
Caused by: liquibase.exception.DatabaseException: Таблица "DISHES" уже существует
Table "DISHES" already exists; SQL statement:
CREATE TABLE PUBLIC.dishes (id BIGINT GENERATED BY DEFAULT AS IDENTITY NOT NULL, create_time TIMESTAMP, user_id BIGINT NOT NULL, CONSTRAINT PK_DISHES PRIMARY KEY (id), CONSTRAINT fk_orders_users FOREIGN KEY (user_id) REFERENCES PUBLIC.users(id)) [42101-232] [Failed SQL: (42101) CREATE TABLE PUBLIC.dishes (id BIGINT GENERATED BY DEFAULT AS IDENTITY NOT NULL, create_time TIMESTAMP, user_id BIGINT NOT NULL, CONSTRAINT PK_DISHES PRIMARY KEY (id), CONSTRAINT fk_orders_users FOREIGN KEY (user_id) REFERENCES PUBLIC.users(id))]
	at liquibase.executor.jvm.JdbcExecutor$ExecuteStatementCallback.doInStatement(JdbcExecutor.java:520)
	at liquibase.executor.jvm.JdbcExecutor.execute(JdbcExecutor.java:85)
	at liquibase.executor.jvm.JdbcExecutor.execute(JdbcExecutor.java:188)
	at liquibase.executor.AbstractExecutor.execute(AbstractExecutor.java:148)
	at liquibase.database.AbstractJdbcDatabase.executeStatements(AbstractJdbcDatabase.java:1198)
	at liquibase.changelog.ChangeSet.execute(ChangeSet.java:816)
	... 60 common frames omitted
Caused by: org.h2.jdbc.JdbcSQLSyntaxErrorException: Таблица "DISHES" уже существует
Table "DISHES" already exists; SQL statement:
CREATE TABLE PUBLIC.dishes (id BIGINT GENERATED BY DEFAULT AS IDENTITY NOT NULL, create_time TIMESTAMP, user_id BIGINT NOT NULL, CONSTRAINT PK_DISHES PRIMARY KEY (id), CONSTRAINT fk_orders_users FOREIGN KEY (user_id) REFERENCES PUBLIC.users(id)) [42101-232]
	at org.h2.message.DbException.getJdbcSQLException(DbException.java:514)
	at org.h2.message.DbException.getJdbcSQLException(DbException.java:489)
	at org.h2.message.DbException.get(DbException.java:223)
	at org.h2.message.DbException.get(DbException.java:199)
	at org.h2.command.ddl.CreateTable.update(CreateTable.java:91)
	at org.h2.command.CommandContainer.update(CommandContainer.java:139)
	at org.h2.command.Command.executeUpdate(Command.java:304)
	at org.h2.command.Command.executeUpdate(Command.java:248)
	at org.h2.jdbc.JdbcStatement.executeInternal(JdbcStatement.java:262)
	at org.h2.jdbc.JdbcStatement.execute(JdbcStatement.java:231)
	at com.zaxxer.hikari.pool.ProxyStatement.execute(ProxyStatement.java:95)
	at com.zaxxer.hikari.pool.HikariProxyStatement.execute(HikariProxyStatement.java)
	at liquibase.executor.jvm.JdbcExecutor$ExecuteStatementCallback.doInStatement(JdbcExecutor.java:512)
	... 65 common frames omitted
2025-44-26 10:44:20 INFO  c.example.edufood.EduFoodApplication -msg
2025-44-26 10:44:20 INFO  c.example.edufood.EduFoodApplication -msg
2025-44-26 10:44:20 INFO  o.s.d.r.c.RepositoryConfigurationDelegate -msg
2025-44-26 10:44:20 INFO  o.s.d.r.c.RepositoryConfigurationDelegate -msg
2025-44-26 10:44:20 INFO  o.s.b.w.e.tomcat.TomcatWebServer -msg
2025-44-26 10:44:20 INFO  o.a.catalina.core.StandardService -msg
2025-44-26 10:44:20 INFO  o.a.catalina.core.StandardEngine -msg
2025-44-26 10:44:20 INFO  o.a.c.c.C.[Tomcat].[localhost].[/] -msg
2025-44-26 10:44:20 INFO  o.s.b.w.s.c.ServletWebServerApplicationContext -msg
2025-44-26 10:44:20 INFO  com.zaxxer.hikari.HikariDataSource -msg
2025-44-26 10:44:21 INFO  com.zaxxer.hikari.pool.HikariPool -msg
2025-44-26 10:44:21 INFO  com.zaxxer.hikari.HikariDataSource -msg
2025-44-26 10:44:21 INFO  liquibase.database -msg
2025-44-26 10:44:21 INFO  liquibase.changelog -msg
2025-44-26 10:44:21 INFO  liquibase.changelog -msg
2025-44-26 10:44:21 INFO  liquibase.changelog -msg
2025-44-26 10:44:21 INFO  liquibase.changelog -msg
2025-44-26 10:44:21 INFO  liquibase.snapshot -msg
2025-44-26 10:44:21 INFO  liquibase.lockservice -msg
2025-44-26 10:44:21 INFO  liquibase.command -msg
2025-44-26 10:44:21 INFO  liquibase.changelog -msg
2025-44-26 10:44:21 INFO  liquibase.ui -msg
2025-44-26 10:44:21 INFO  liquibase.changelog -msg
2025-44-26 10:44:21 INFO  liquibase.changelog -msg
2025-44-26 10:44:21 INFO  liquibase.ui -msg
2025-44-26 10:44:21 INFO  liquibase.changelog -msg
2025-44-26 10:44:21 INFO  liquibase.changelog -msg
2025-44-26 10:44:21 INFO  liquibase.ui -msg
2025-44-26 10:44:21 INFO  liquibase.changelog -msg
2025-44-26 10:44:21 INFO  liquibase.changelog -msg
2025-44-26 10:44:21 INFO  liquibase.ui -msg
2025-44-26 10:44:21 INFO  liquibase.changelog -msg
2025-44-26 10:44:21 INFO  liquibase.changelog -msg
2025-44-26 10:44:21 INFO  liquibase.ui -msg
2025-44-26 10:44:21 ERROR liquibase.changelog -msg
liquibase.exception.DatabaseException: Таблица "DISHES" уже существует
Table "DISHES" already exists; SQL statement:
CREATE TABLE PUBLIC.dishes (id BIGINT GENERATED BY DEFAULT AS IDENTITY NOT NULL, create_time TIMESTAMP, user_id BIGINT NOT NULL, CONSTRAINT PK_DISHES PRIMARY KEY (id), CONSTRAINT fk_orders_users FOREIGN KEY (user_id) REFERENCES PUBLIC.users(id)) [42101-232] [Failed SQL: (42101) CREATE TABLE PUBLIC.dishes (id BIGINT GENERATED BY DEFAULT AS IDENTITY NOT NULL, create_time TIMESTAMP, user_id BIGINT NOT NULL, CONSTRAINT PK_DISHES PRIMARY KEY (id), CONSTRAINT fk_orders_users FOREIGN KEY (user_id) REFERENCES PUBLIC.users(id))]
	at liquibase.executor.jvm.JdbcExecutor$ExecuteStatementCallback.doInStatement(JdbcExecutor.java:520)
	at liquibase.executor.jvm.JdbcExecutor.execute(JdbcExecutor.java:85)
	at liquibase.executor.jvm.JdbcExecutor.execute(JdbcExecutor.java:188)
	at liquibase.executor.AbstractExecutor.execute(AbstractExecutor.java:148)
	at liquibase.database.AbstractJdbcDatabase.executeStatements(AbstractJdbcDatabase.java:1198)
	at liquibase.changelog.ChangeSet.execute(ChangeSet.java:816)
	at liquibase.changelog.visitor.UpdateVisitor.executeAcceptedChange(UpdateVisitor.java:127)
	at liquibase.changelog.visitor.UpdateVisitor.visit(UpdateVisitor.java:71)
	at liquibase.changelog.ChangeLogIterator.lambda$run$0(ChangeLogIterator.java:133)
	at liquibase.Scope.lambda$child$0(Scope.java:216)
	at liquibase.Scope.child(Scope.java:225)
	at liquibase.Scope.child(Scope.java:215)
	at liquibase.Scope.child(Scope.java:194)
	at liquibase.changelog.ChangeLogIterator.lambda$run$1(ChangeLogIterator.java:122)
	at liquibase.Scope.lambda$child$0(Scope.java:216)
	at liquibase.Scope.child(Scope.java:225)
	at liquibase.Scope.child(Scope.java:215)
	at liquibase.Scope.child(Scope.java:194)
	at liquibase.Scope.child(Scope.java:282)
	at liquibase.Scope.child(Scope.java:286)
	at liquibase.changelog.ChangeLogIterator.run(ChangeLogIterator.java:91)
	at liquibase.command.core.AbstractUpdateCommandStep.lambda$run$0(AbstractUpdateCommandStep.java:114)
	at liquibase.Scope.lambda$child$0(Scope.java:216)
	at liquibase.Scope.child(Scope.java:225)
	at liquibase.Scope.child(Scope.java:215)
	at liquibase.Scope.child(Scope.java:194)
	at liquibase.command.core.AbstractUpdateCommandStep.run(AbstractUpdateCommandStep.java:112)
	at liquibase.command.core.UpdateCommandStep.run(UpdateCommandStep.java:100)
	at liquibase.command.CommandScope.lambda$execute$6(CommandScope.java:263)
	at liquibase.Scope.child(Scope.java:225)
	at liquibase.Scope.child(Scope.java:201)
	at liquibase.command.CommandScope.execute(CommandScope.java:251)
	at liquibase.Liquibase.lambda$update$0(Liquibase.java:216)
	at liquibase.Scope.lambda$child$0(Scope.java:216)
	at liquibase.Scope.child(Scope.java:225)
	at liquibase.Scope.child(Scope.java:215)
	at liquibase.Scope.child(Scope.java:194)
	at liquibase.Liquibase.runInScope(Liquibase.java:1366)
	at liquibase.Liquibase.update(Liquibase.java:205)
	at liquibase.Liquibase.update(Liquibase.java:188)
	at liquibase.integration.spring.SpringLiquibase.performUpdate(SpringLiquibase.java:327)
	at liquibase.integration.spring.SpringLiquibase.lambda$afterPropertiesSet$0(SpringLiquibase.java:279)
	at liquibase.Scope.lambda$child$0(Scope.java:216)
	at liquibase.Scope.child(Scope.java:225)
	at liquibase.Scope.child(Scope.java:215)
	at liquibase.Scope.child(Scope.java:194)
	at liquibase.integration.spring.SpringLiquibase.afterPropertiesSet(SpringLiquibase.java:272)
	at org.springframework.beans.factory.support.AbstractAutowireCapableBeanFactory.invokeInitMethods(AbstractAutowireCapableBeanFactory.java:1873)
	at org.springframework.beans.factory.support.AbstractAutowireCapableBeanFactory.initializeBean(AbstractAutowireCapableBeanFactory.java:1822)
	at org.springframework.beans.factory.support.AbstractAutowireCapableBeanFactory.doCreateBean(AbstractAutowireCapableBeanFactory.java:607)
	at org.springframework.beans.factory.support.AbstractAutowireCapableBeanFactory.createBean(AbstractAutowireCapableBeanFactory.java:529)
	at org.springframework.beans.factory.support.AbstractBeanFactory.lambda$doGetBean$0(AbstractBeanFactory.java:339)
	at org.springframework.beans.factory.support.DefaultSingletonBeanRegistry.getSingleton(DefaultSingletonBeanRegistry.java:373)
	at org.springframework.beans.factory.support.AbstractBeanFactory.doGetBean(AbstractBeanFactory.java:337)
	at org.springframework.beans.factory.support.AbstractBeanFactory.getBean(AbstractBeanFactory.java:202)
	at org.springframework.beans.factory.support.AbstractBeanFactory.doGetBean(AbstractBeanFactory.java:315)
	at org.springframework.beans.factory.support.AbstractBeanFactory.getBean(AbstractBeanFactory.java:207)
	at org.springframework.context.support.AbstractApplicationContext.finishBeanFactoryInitialization(AbstractApplicationContext.java:970)
	at org.springframework.context.support.AbstractApplicationContext.refresh(AbstractApplicationContext.java:627)
	at org.springframework.boot.web.servlet.context.ServletWebServerApplicationContext.refresh(ServletWebServerApplicationContext.java:146)
	at org.springframework.boot.SpringApplication.refresh(SpringApplication.java:752)
	at org.springframework.boot.SpringApplication.refreshContext(SpringApplication.java:439)
	at org.springframework.boot.SpringApplication.run(SpringApplication.java:318)
	at org.springframework.boot.SpringApplication.run(SpringApplication.java:1361)
	at org.springframework.boot.SpringApplication.run(SpringApplication.java:1350)
	at com.example.edufood.EduFoodApplication.main(EduFoodApplication.java:10)
Caused by: org.h2.jdbc.JdbcSQLSyntaxErrorException: Таблица "DISHES" уже существует
Table "DISHES" already exists; SQL statement:
CREATE TABLE PUBLIC.dishes (id BIGINT GENERATED BY DEFAULT AS IDENTITY NOT NULL, create_time TIMESTAMP, user_id BIGINT NOT NULL, CONSTRAINT PK_DISHES PRIMARY KEY (id), CONSTRAINT fk_orders_users FOREIGN KEY (user_id) REFERENCES PUBLIC.users(id)) [42101-232]
	at org.h2.message.DbException.getJdbcSQLException(DbException.java:514)
	at org.h2.engine.SessionRemote.readSQLException(SessionRemote.java:663)
	at org.h2.engine.SessionRemote.readException(SessionRemote.java:646)
	at org.h2.engine.SessionRemote.done(SessionRemote.java:620)
	at org.h2.command.CommandRemote.executeUpdate(CommandRemote.java:225)
	at org.h2.jdbc.JdbcStatement.executeInternal(JdbcStatement.java:262)
	at org.h2.jdbc.JdbcStatement.execute(JdbcStatement.java:231)
	at com.zaxxer.hikari.pool.ProxyStatement.execute(ProxyStatement.java:95)
	at com.zaxxer.hikari.pool.HikariProxyStatement.execute(HikariProxyStatement.java)
	at liquibase.executor.jvm.JdbcExecutor$ExecuteStatementCallback.doInStatement(JdbcExecutor.java:512)
	... 65 common frames omitted
2025-44-26 10:44:21 INFO  liquibase.util -msg
2025-44-26 10:44:21 INFO  liquibase.util -msg
2025-44-26 10:44:21 INFO  liquibase.util -msg
2025-44-26 10:44:21 INFO  liquibase.util -msg
2025-44-26 10:44:21 INFO  liquibase.util -msg
2025-44-26 10:44:21 INFO  liquibase.util -msg
2025-44-26 10:44:21 INFO  liquibase.util -msg
2025-44-26 10:44:21 INFO  liquibase.command -msg
2025-44-26 10:44:21 INFO  liquibase.lockservice -msg
2025-44-26 10:44:21 INFO  liquibase.command -msg
2025-44-26 10:44:21 INFO  liquibase.ui -msg
2025-44-26 10:44:21 INFO  liquibase.ui -msg
2025-44-26 10:44:21 INFO  liquibase.ui -msg
2025-44-26 10:44:21 INFO  liquibase.ui -msg
2025-44-26 10:44:21 INFO  liquibase.command -msg
2025-44-26 10:44:23 WARN  o.s.b.w.s.c.AnnotationConfigServletWebServerApplicationContext -msg
2025-44-26 10:44:23 INFO  com.zaxxer.hikari.HikariDataSource -msg
2025-44-26 10:44:23 INFO  com.zaxxer.hikari.HikariDataSource -msg
2025-44-26 10:44:23 INFO  o.a.catalina.core.StandardService -msg
2025-44-26 10:44:23 INFO  o.s.b.a.l.ConditionEvaluationReportLogger -msg
2025-44-26 10:44:23 ERROR o.s.boot.SpringApplication -msg
org.springframework.beans.factory.BeanCreationException: Error creating bean with name 'entityManagerFactory' defined in class path resource [org/springframework/boot/autoconfigure/orm/jpa/HibernateJpaConfiguration.class]: Failed to initialize dependency 'liquibase' of LoadTimeWeaverAware bean 'entityManagerFactory': Error creating bean with name 'liquibase' defined in class path resource [org/springframework/boot/autoconfigure/liquibase/LiquibaseAutoConfiguration$LiquibaseConfiguration.class]: liquibase.exception.CommandExecutionException: liquibase.exception.LiquibaseException: liquibase.exception.MigrationFailedException: Migration failed for changeset db/changelog/migrations/001_create_tables.yaml::create_table_orders::aleksei:
     Reason: liquibase.exception.DatabaseException: Таблица "DISHES" уже существует
Table "DISHES" already exists; SQL statement:
CREATE TABLE PUBLIC.dishes (id BIGINT GENERATED BY DEFAULT AS IDENTITY NOT NULL, create_time TIMESTAMP, user_id BIGINT NOT NULL, CONSTRAINT PK_DISHES PRIMARY KEY (id), CONSTRAINT fk_orders_users FOREIGN KEY (user_id) REFERENCES PUBLIC.users(id)) [42101-232] [Failed SQL: (42101) CREATE TABLE PUBLIC.dishes (id BIGINT GENERATED BY DEFAULT AS IDENTITY NOT NULL, create_time TIMESTAMP, user_id BIGINT NOT NULL, CONSTRAINT PK_DISHES PRIMARY KEY (id), CONSTRAINT fk_orders_users FOREIGN KEY (user_id) REFERENCES PUBLIC.users(id))]
	at org.springframework.beans.factory.support.AbstractBeanFactory.doGetBean(AbstractBeanFactory.java:328)
	at org.springframework.beans.factory.support.AbstractBeanFactory.getBean(AbstractBeanFactory.java:207)
	at org.springframework.context.support.AbstractApplicationContext.finishBeanFactoryInitialization(AbstractApplicationContext.java:970)
	at org.springframework.context.support.AbstractApplicationContext.refresh(AbstractApplicationContext.java:627)
	at org.springframework.boot.web.servlet.context.ServletWebServerApplicationContext.refresh(ServletWebServerApplicationContext.java:146)
	at org.springframework.boot.SpringApplication.refresh(SpringApplication.java:752)
	at org.springframework.boot.SpringApplication.refreshContext(SpringApplication.java:439)
	at org.springframework.boot.SpringApplication.run(SpringApplication.java:318)
	at org.springframework.boot.SpringApplication.run(SpringApplication.java:1361)
	at org.springframework.boot.SpringApplication.run(SpringApplication.java:1350)
	at com.example.edufood.EduFoodApplication.main(EduFoodApplication.java:10)
Caused by: org.springframework.beans.factory.BeanCreationException: Error creating bean with name 'liquibase' defined in class path resource [org/springframework/boot/autoconfigure/liquibase/LiquibaseAutoConfiguration$LiquibaseConfiguration.class]: liquibase.exception.CommandExecutionException: liquibase.exception.LiquibaseException: liquibase.exception.MigrationFailedException: Migration failed for changeset db/changelog/migrations/001_create_tables.yaml::create_table_orders::aleksei:
     Reason: liquibase.exception.DatabaseException: Таблица "DISHES" уже существует
Table "DISHES" already exists; SQL statement:
CREATE TABLE PUBLIC.dishes (id BIGINT GENERATED BY DEFAULT AS IDENTITY NOT NULL, create_time TIMESTAMP, user_id BIGINT NOT NULL, CONSTRAINT PK_DISHES PRIMARY KEY (id), CONSTRAINT fk_orders_users FOREIGN KEY (user_id) REFERENCES PUBLIC.users(id)) [42101-232] [Failed SQL: (42101) CREATE TABLE PUBLIC.dishes (id BIGINT GENERATED BY DEFAULT AS IDENTITY NOT NULL, create_time TIMESTAMP, user_id BIGINT NOT NULL, CONSTRAINT PK_DISHES PRIMARY KEY (id), CONSTRAINT fk_orders_users FOREIGN KEY (user_id) REFERENCES PUBLIC.users(id))]
	at org.springframework.beans.factory.support.AbstractAutowireCapableBeanFactory.initializeBean(AbstractAutowireCapableBeanFactory.java:1826)
	at org.springframework.beans.factory.support.AbstractAutowireCapableBeanFactory.doCreateBean(AbstractAutowireCapableBeanFactory.java:607)
	at org.springframework.beans.factory.support.AbstractAutowireCapableBeanFactory.createBean(AbstractAutowireCapableBeanFactory.java:529)
	at org.springframework.beans.factory.support.AbstractBeanFactory.lambda$doGetBean$0(AbstractBeanFactory.java:339)
	at org.springframework.beans.factory.support.DefaultSingletonBeanRegistry.getSingleton(DefaultSingletonBeanRegistry.java:373)
	at org.springframework.beans.factory.support.AbstractBeanFactory.doGetBean(AbstractBeanFactory.java:337)
	at org.springframework.beans.factory.support.AbstractBeanFactory.getBean(AbstractBeanFactory.java:202)
	at org.springframework.beans.factory.support.AbstractBeanFactory.doGetBean(AbstractBeanFactory.java:315)
	... 10 common frames omitted
Caused by: liquibase.exception.LiquibaseException: liquibase.exception.CommandExecutionException: liquibase.exception.LiquibaseException: liquibase.exception.MigrationFailedException: Migration failed for changeset db/changelog/migrations/001_create_tables.yaml::create_table_orders::aleksei:
     Reason: liquibase.exception.DatabaseException: Таблица "DISHES" уже существует
Table "DISHES" already exists; SQL statement:
CREATE TABLE PUBLIC.dishes (id BIGINT GENERATED BY DEFAULT AS IDENTITY NOT NULL, create_time TIMESTAMP, user_id BIGINT NOT NULL, CONSTRAINT PK_DISHES PRIMARY KEY (id), CONSTRAINT fk_orders_users FOREIGN KEY (user_id) REFERENCES PUBLIC.users(id)) [42101-232] [Failed SQL: (42101) CREATE TABLE PUBLIC.dishes (id BIGINT GENERATED BY DEFAULT AS IDENTITY NOT NULL, create_time TIMESTAMP, user_id BIGINT NOT NULL, CONSTRAINT PK_DISHES PRIMARY KEY (id), CONSTRAINT fk_orders_users FOREIGN KEY (user_id) REFERENCES PUBLIC.users(id))]
	at liquibase.integration.spring.SpringLiquibase.afterPropertiesSet(SpringLiquibase.java:289)
	at org.springframework.beans.factory.support.AbstractAutowireCapableBeanFactory.invokeInitMethods(AbstractAutowireCapableBeanFactory.java:1873)
	at org.springframework.beans.factory.support.AbstractAutowireCapableBeanFactory.initializeBean(AbstractAutowireCapableBeanFactory.java:1822)
	... 17 common frames omitted
Caused by: liquibase.exception.CommandExecutionException: liquibase.exception.LiquibaseException: liquibase.exception.MigrationFailedException: Migration failed for changeset db/changelog/migrations/001_create_tables.yaml::create_table_orders::aleksei:
     Reason: liquibase.exception.DatabaseException: Таблица "DISHES" уже существует
Table "DISHES" already exists; SQL statement:
CREATE TABLE PUBLIC.dishes (id BIGINT GENERATED BY DEFAULT AS IDENTITY NOT NULL, create_time TIMESTAMP, user_id BIGINT NOT NULL, CONSTRAINT PK_DISHES PRIMARY KEY (id), CONSTRAINT fk_orders_users FOREIGN KEY (user_id) REFERENCES PUBLIC.users(id)) [42101-232] [Failed SQL: (42101) CREATE TABLE PUBLIC.dishes (id BIGINT GENERATED BY DEFAULT AS IDENTITY NOT NULL, create_time TIMESTAMP, user_id BIGINT NOT NULL, CONSTRAINT PK_DISHES PRIMARY KEY (id), CONSTRAINT fk_orders_users FOREIGN KEY (user_id) REFERENCES PUBLIC.users(id))]
	at liquibase.command.CommandScope.lambda$execute$6(CommandScope.java:310)
	at liquibase.Scope.child(Scope.java:225)
	at liquibase.Scope.child(Scope.java:201)
	at liquibase.command.CommandScope.execute(CommandScope.java:251)
	at liquibase.Liquibase.lambda$update$0(Liquibase.java:216)
	at liquibase.Scope.lambda$child$0(Scope.java:216)
	at liquibase.Scope.child(Scope.java:225)
	at liquibase.Scope.child(Scope.java:215)
	at liquibase.Scope.child(Scope.java:194)
	at liquibase.Liquibase.runInScope(Liquibase.java:1366)
	at liquibase.Liquibase.update(Liquibase.java:205)
	at liquibase.Liquibase.update(Liquibase.java:188)
	at liquibase.integration.spring.SpringLiquibase.performUpdate(SpringLiquibase.java:327)
	at liquibase.integration.spring.SpringLiquibase.lambda$afterPropertiesSet$0(SpringLiquibase.java:279)
	at liquibase.Scope.lambda$child$0(Scope.java:216)
	at liquibase.Scope.child(Scope.java:225)
	at liquibase.Scope.child(Scope.java:215)
	at liquibase.Scope.child(Scope.java:194)
	at liquibase.integration.spring.SpringLiquibase.afterPropertiesSet(SpringLiquibase.java:272)
	... 19 common frames omitted
Caused by: liquibase.exception.LiquibaseException: liquibase.exception.MigrationFailedException: Migration failed for changeset db/changelog/migrations/001_create_tables.yaml::create_table_orders::aleksei:
     Reason: liquibase.exception.DatabaseException: Таблица "DISHES" уже существует
Table "DISHES" already exists; SQL statement:
CREATE TABLE PUBLIC.dishes (id BIGINT GENERATED BY DEFAULT AS IDENTITY NOT NULL, create_time TIMESTAMP, user_id BIGINT NOT NULL, CONSTRAINT PK_DISHES PRIMARY KEY (id), CONSTRAINT fk_orders_users FOREIGN KEY (user_id) REFERENCES PUBLIC.users(id)) [42101-232] [Failed SQL: (42101) CREATE TABLE PUBLIC.dishes (id BIGINT GENERATED BY DEFAULT AS IDENTITY NOT NULL, create_time TIMESTAMP, user_id BIGINT NOT NULL, CONSTRAINT PK_DISHES PRIMARY KEY (id), CONSTRAINT fk_orders_users FOREIGN KEY (user_id) REFERENCES PUBLIC.users(id))]
	at liquibase.changelog.ChangeLogIterator.run(ChangeLogIterator.java:155)
	at liquibase.command.core.AbstractUpdateCommandStep.lambda$run$0(AbstractUpdateCommandStep.java:114)
	at liquibase.Scope.lambda$child$0(Scope.java:216)
	at liquibase.Scope.child(Scope.java:225)
	at liquibase.Scope.child(Scope.java:215)
	at liquibase.Scope.child(Scope.java:194)
	at liquibase.command.core.AbstractUpdateCommandStep.run(AbstractUpdateCommandStep.java:112)
	at liquibase.command.core.UpdateCommandStep.run(UpdateCommandStep.java:100)
	at liquibase.command.CommandScope.lambda$execute$6(CommandScope.java:263)
	... 37 common frames omitted
Caused by: liquibase.exception.MigrationFailedException: Migration failed for changeset db/changelog/migrations/001_create_tables.yaml::create_table_orders::aleksei:
     Reason: liquibase.exception.DatabaseException: Таблица "DISHES" уже существует
Table "DISHES" already exists; SQL statement:
CREATE TABLE PUBLIC.dishes (id BIGINT GENERATED BY DEFAULT AS IDENTITY NOT NULL, create_time TIMESTAMP, user_id BIGINT NOT NULL, CONSTRAINT PK_DISHES PRIMARY KEY (id), CONSTRAINT fk_orders_users FOREIGN KEY (user_id) REFERENCES PUBLIC.users(id)) [42101-232] [Failed SQL: (42101) CREATE TABLE PUBLIC.dishes (id BIGINT GENERATED BY DEFAULT AS IDENTITY NOT NULL, create_time TIMESTAMP, user_id BIGINT NOT NULL, CONSTRAINT PK_DISHES PRIMARY KEY (id), CONSTRAINT fk_orders_users FOREIGN KEY (user_id) REFERENCES PUBLIC.users(id))]
	at liquibase.changelog.ChangeSet.execute(ChangeSet.java:873)
	at liquibase.changelog.visitor.UpdateVisitor.executeAcceptedChange(UpdateVisitor.java:127)
	at liquibase.changelog.visitor.UpdateVisitor.visit(UpdateVisitor.java:71)
	at liquibase.changelog.ChangeLogIterator.lambda$run$0(ChangeLogIterator.java:133)
	at liquibase.Scope.lambda$child$0(Scope.java:216)
	at liquibase.Scope.child(Scope.java:225)
	at liquibase.Scope.child(Scope.java:215)
	at liquibase.Scope.child(Scope.java:194)
	at liquibase.changelog.ChangeLogIterator.lambda$run$1(ChangeLogIterator.java:122)
	at liquibase.Scope.lambda$child$0(Scope.java:216)
	at liquibase.Scope.child(Scope.java:225)
	at liquibase.Scope.child(Scope.java:215)
	at liquibase.Scope.child(Scope.java:194)
	at liquibase.Scope.child(Scope.java:282)
	at liquibase.Scope.child(Scope.java:286)
	at liquibase.changelog.ChangeLogIterator.run(ChangeLogIterator.java:91)
	... 45 common frames omitted
Caused by: liquibase.exception.DatabaseException: Таблица "DISHES" уже существует
Table "DISHES" already exists; SQL statement:
CREATE TABLE PUBLIC.dishes (id BIGINT GENERATED BY DEFAULT AS IDENTITY NOT NULL, create_time TIMESTAMP, user_id BIGINT NOT NULL, CONSTRAINT PK_DISHES PRIMARY KEY (id), CONSTRAINT fk_orders_users FOREIGN KEY (user_id) REFERENCES PUBLIC.users(id)) [42101-232] [Failed SQL: (42101) CREATE TABLE PUBLIC.dishes (id BIGINT GENERATED BY DEFAULT AS IDENTITY NOT NULL, create_time TIMESTAMP, user_id BIGINT NOT NULL, CONSTRAINT PK_DISHES PRIMARY KEY (id), CONSTRAINT fk_orders_users FOREIGN KEY (user_id) REFERENCES PUBLIC.users(id))]
	at liquibase.executor.jvm.JdbcExecutor$ExecuteStatementCallback.doInStatement(JdbcExecutor.java:520)
	at liquibase.executor.jvm.JdbcExecutor.execute(JdbcExecutor.java:85)
	at liquibase.executor.jvm.JdbcExecutor.execute(JdbcExecutor.java:188)
	at liquibase.executor.AbstractExecutor.execute(AbstractExecutor.java:148)
	at liquibase.database.AbstractJdbcDatabase.executeStatements(AbstractJdbcDatabase.java:1198)
	at liquibase.changelog.ChangeSet.execute(ChangeSet.java:816)
	... 60 common frames omitted
Caused by: org.h2.jdbc.JdbcSQLSyntaxErrorException: Таблица "DISHES" уже существует
Table "DISHES" already exists; SQL statement:
CREATE TABLE PUBLIC.dishes (id BIGINT GENERATED BY DEFAULT AS IDENTITY NOT NULL, create_time TIMESTAMP, user_id BIGINT NOT NULL, CONSTRAINT PK_DISHES PRIMARY KEY (id), CONSTRAINT fk_orders_users FOREIGN KEY (user_id) REFERENCES PUBLIC.users(id)) [42101-232]
	at org.h2.message.DbException.getJdbcSQLException(DbException.java:514)
	at org.h2.engine.SessionRemote.readSQLException(SessionRemote.java:663)
	at org.h2.engine.SessionRemote.readException(SessionRemote.java:646)
	at org.h2.engine.SessionRemote.done(SessionRemote.java:620)
	at org.h2.command.CommandRemote.executeUpdate(CommandRemote.java:225)
	at org.h2.jdbc.JdbcStatement.executeInternal(JdbcStatement.java:262)
	at org.h2.jdbc.JdbcStatement.execute(JdbcStatement.java:231)
	at com.zaxxer.hikari.pool.ProxyStatement.execute(ProxyStatement.java:95)
	at com.zaxxer.hikari.pool.HikariProxyStatement.execute(HikariProxyStatement.java)
	at liquibase.executor.jvm.JdbcExecutor$ExecuteStatementCallback.doInStatement(JdbcExecutor.java:512)
	... 65 common frames omitted
2025-45-26 10:45:54 INFO  c.example.edufood.EduFoodApplication -msg
2025-45-26 10:45:54 INFO  c.example.edufood.EduFoodApplication -msg
2025-45-26 10:45:55 INFO  o.s.d.r.c.RepositoryConfigurationDelegate -msg
2025-45-26 10:45:55 INFO  o.s.d.r.c.RepositoryConfigurationDelegate -msg
2025-45-26 10:45:55 INFO  o.s.b.w.e.tomcat.TomcatWebServer -msg
2025-45-26 10:45:55 INFO  o.a.catalina.core.StandardService -msg
2025-45-26 10:45:55 INFO  o.a.catalina.core.StandardEngine -msg
2025-45-26 10:45:55 INFO  o.a.c.c.C.[Tomcat].[localhost].[/] -msg
2025-45-26 10:45:55 INFO  o.s.b.w.s.c.ServletWebServerApplicationContext -msg
2025-45-26 10:45:55 INFO  com.zaxxer.hikari.HikariDataSource -msg
2025-45-26 10:45:55 INFO  com.zaxxer.hikari.pool.HikariPool -msg
2025-45-26 10:45:55 INFO  com.zaxxer.hikari.HikariDataSource -msg
2025-45-26 10:45:55 INFO  liquibase.database -msg
2025-45-26 10:45:55 INFO  liquibase.changelog -msg
2025-45-26 10:45:55 INFO  liquibase.changelog -msg
2025-45-26 10:45:55 INFO  liquibase.changelog -msg
2025-45-26 10:45:55 INFO  liquibase.changelog -msg
2025-45-26 10:45:55 INFO  liquibase.snapshot -msg
2025-45-26 10:45:55 INFO  liquibase.lockservice -msg
2025-45-26 10:45:55 INFO  liquibase.command -msg
2025-45-26 10:45:55 INFO  liquibase.changelog -msg
2025-45-26 10:45:55 INFO  liquibase.ui -msg
2025-45-26 10:45:55 INFO  liquibase.changelog -msg
2025-45-26 10:45:55 INFO  liquibase.changelog -msg
2025-45-26 10:45:55 INFO  liquibase.ui -msg
2025-45-26 10:45:55 INFO  liquibase.changelog -msg
2025-45-26 10:45:55 INFO  liquibase.changelog -msg
2025-45-26 10:45:55 INFO  liquibase.ui -msg
2025-45-26 10:45:55 INFO  liquibase.changelog -msg
2025-45-26 10:45:55 INFO  liquibase.changelog -msg
2025-45-26 10:45:55 INFO  liquibase.ui -msg
2025-45-26 10:45:55 INFO  liquibase.changelog -msg
2025-45-26 10:45:55 INFO  liquibase.changelog -msg
2025-45-26 10:45:55 INFO  liquibase.ui -msg
2025-45-26 10:45:55 INFO  liquibase.changelog -msg
2025-45-26 10:45:55 INFO  liquibase.changelog -msg
2025-45-26 10:45:55 INFO  liquibase.ui -msg
2025-45-26 10:45:56 INFO  liquibase.changelog -msg
2025-45-26 10:45:56 INFO  liquibase.changelog -msg
2025-45-26 10:45:56 INFO  liquibase.ui -msg
2025-45-26 10:45:56 INFO  liquibase.changelog -msg
2025-45-26 10:45:56 INFO  liquibase.changelog -msg
2025-45-26 10:45:56 INFO  liquibase.util -msg
2025-45-26 10:45:56 INFO  liquibase.util -msg
2025-45-26 10:45:56 INFO  liquibase.util -msg
2025-45-26 10:45:56 INFO  liquibase.util -msg
2025-45-26 10:45:56 INFO  liquibase.util -msg
2025-45-26 10:45:56 INFO  liquibase.util -msg
2025-45-26 10:45:56 INFO  liquibase.util -msg
2025-45-26 10:45:56 INFO  liquibase.command -msg
2025-45-26 10:45:56 INFO  liquibase.ui -msg
2025-45-26 10:45:56 INFO  liquibase.lockservice -msg
2025-45-26 10:45:56 INFO  liquibase.command -msg
2025-45-26 10:45:58 INFO  o.s.o.j.p.SpringPersistenceUnitInfo -msg
2025-45-26 10:45:58 ERROR o.s.o.j.LocalContainerEntityManagerFactoryBean -msg
2025-45-26 10:45:58 WARN  o.s.b.w.s.c.AnnotationConfigServletWebServerApplicationContext -msg
2025-45-26 10:45:58 INFO  com.zaxxer.hikari.HikariDataSource -msg
2025-45-26 10:45:58 INFO  com.zaxxer.hikari.HikariDataSource -msg
2025-45-26 10:45:58 INFO  o.a.catalina.core.StandardService -msg
2025-45-26 10:45:58 INFO  o.s.b.a.l.ConditionEvaluationReportLogger -msg
2025-45-26 10:45:58 ERROR o.s.boot.SpringApplication -msg
org.springframework.beans.factory.BeanCreationException: Error creating bean with name 'entityManagerFactory' defined in class path resource [org/springframework/boot/autoconfigure/orm/jpa/HibernateJpaConfiguration.class]: [PersistenceUnit: default] Unable to build Hibernate SessionFactory; nested exception is org.hibernate.tool.schema.spi.SchemaManagementException: Schema-validation: wrong column type encountered in column [price] in table [dishes]; found [decimal (Types#DECIMAL)], but expecting [float(53) (Types#FLOAT)]
	at org.springframework.beans.factory.support.AbstractAutowireCapableBeanFactory.initializeBean(AbstractAutowireCapableBeanFactory.java:1826)
	at org.springframework.beans.factory.support.AbstractAutowireCapableBeanFactory.doCreateBean(AbstractAutowireCapableBeanFactory.java:607)
	at org.springframework.beans.factory.support.AbstractAutowireCapableBeanFactory.createBean(AbstractAutowireCapableBeanFactory.java:529)
	at org.springframework.beans.factory.support.AbstractBeanFactory.lambda$doGetBean$0(AbstractBeanFactory.java:339)
	at org.springframework.beans.factory.support.DefaultSingletonBeanRegistry.getSingleton(DefaultSingletonBeanRegistry.java:373)
	at org.springframework.beans.factory.support.AbstractBeanFactory.doGetBean(AbstractBeanFactory.java:337)
	at org.springframework.beans.factory.support.AbstractBeanFactory.getBean(AbstractBeanFactory.java:207)
	at org.springframework.context.support.AbstractApplicationContext.finishBeanFactoryInitialization(AbstractApplicationContext.java:970)
	at org.springframework.context.support.AbstractApplicationContext.refresh(AbstractApplicationContext.java:627)
	at org.springframework.boot.web.servlet.context.ServletWebServerApplicationContext.refresh(ServletWebServerApplicationContext.java:146)
	at org.springframework.boot.SpringApplication.refresh(SpringApplication.java:752)
	at org.springframework.boot.SpringApplication.refreshContext(SpringApplication.java:439)
	at org.springframework.boot.SpringApplication.run(SpringApplication.java:318)
	at org.springframework.boot.SpringApplication.run(SpringApplication.java:1361)
	at org.springframework.boot.SpringApplication.run(SpringApplication.java:1350)
	at com.example.edufood.EduFoodApplication.main(EduFoodApplication.java:10)
Caused by: jakarta.persistence.PersistenceException: [PersistenceUnit: default] Unable to build Hibernate SessionFactory; nested exception is org.hibernate.tool.schema.spi.SchemaManagementException: Schema-validation: wrong column type encountered in column [price] in table [dishes]; found [decimal (Types#DECIMAL)], but expecting [float(53) (Types#FLOAT)]
	at org.springframework.orm.jpa.AbstractEntityManagerFactoryBean.buildNativeEntityManagerFactory(AbstractEntityManagerFactoryBean.java:431)
	at org.springframework.orm.jpa.AbstractEntityManagerFactoryBean.afterPropertiesSet(AbstractEntityManagerFactoryBean.java:400)
	at org.springframework.orm.jpa.LocalContainerEntityManagerFactoryBean.afterPropertiesSet(LocalContainerEntityManagerFactoryBean.java:366)
	at org.springframework.beans.factory.support.AbstractAutowireCapableBeanFactory.invokeInitMethods(AbstractAutowireCapableBeanFactory.java:1873)
	at org.springframework.beans.factory.support.AbstractAutowireCapableBeanFactory.initializeBean(AbstractAutowireCapableBeanFactory.java:1822)
	... 15 common frames omitted
Caused by: org.hibernate.tool.schema.spi.SchemaManagementException: Schema-validation: wrong column type encountered in column [price] in table [dishes]; found [decimal (Types#DECIMAL)], but expecting [float(53) (Types#FLOAT)]
	at org.hibernate.tool.schema.internal.AbstractSchemaValidator.validateColumnType(AbstractSchemaValidator.java:169)
	at org.hibernate.tool.schema.internal.AbstractSchemaValidator.validateTable(AbstractSchemaValidator.java:156)
	at org.hibernate.tool.schema.internal.GroupedSchemaValidatorImpl.validateTables(GroupedSchemaValidatorImpl.java:46)
	at org.hibernate.tool.schema.internal.AbstractSchemaValidator.performValidation(AbstractSchemaValidator.java:99)
	at org.hibernate.tool.schema.internal.AbstractSchemaValidator.doValidation(AbstractSchemaValidator.java:77)
	at org.hibernate.tool.schema.spi.SchemaManagementToolCoordinator.performDatabaseAction(SchemaManagementToolCoordinator.java:289)
	at org.hibernate.tool.schema.spi.SchemaManagementToolCoordinator.lambda$process$5(SchemaManagementToolCoordinator.java:144)
	at java.base/java.util.HashMap.forEach(HashMap.java:1430)
	at org.hibernate.tool.schema.spi.SchemaManagementToolCoordinator.process(SchemaManagementToolCoordinator.java:141)
	at org.hibernate.boot.internal.SessionFactoryObserverForSchemaExport.sessionFactoryCreated(SessionFactoryObserverForSchemaExport.java:37)
	at org.hibernate.internal.SessionFactoryObserverChain.sessionFactoryCreated(SessionFactoryObserverChain.java:35)
	at org.hibernate.internal.SessionFactoryImpl.<init>(SessionFactoryImpl.java:324)
	at org.hibernate.boot.internal.SessionFactoryBuilderImpl.build(SessionFactoryBuilderImpl.java:463)
	at org.hibernate.jpa.boot.internal.EntityManagerFactoryBuilderImpl.build(EntityManagerFactoryBuilderImpl.java:1517)
	at org.springframework.orm.jpa.vendor.SpringHibernateJpaPersistenceProvider.createContainerEntityManagerFactory(SpringHibernateJpaPersistenceProvider.java:66)
	at org.springframework.orm.jpa.LocalContainerEntityManagerFactoryBean.createNativeEntityManagerFactory(LocalContainerEntityManagerFactoryBean.java:390)
	at org.springframework.orm.jpa.AbstractEntityManagerFactoryBean.buildNativeEntityManagerFactory(AbstractEntityManagerFactoryBean.java:419)
	... 19 common frames omitted
2025-50-26 10:50:03 INFO  c.example.edufood.EduFoodApplication -msg
2025-50-26 10:50:03 INFO  c.example.edufood.EduFoodApplication -msg
2025-50-26 10:50:04 INFO  o.s.d.r.c.RepositoryConfigurationDelegate -msg
2025-50-26 10:50:04 INFO  o.s.d.r.c.RepositoryConfigurationDelegate -msg
2025-50-26 10:50:04 INFO  o.s.b.w.e.tomcat.TomcatWebServer -msg
2025-50-26 10:50:04 INFO  o.a.catalina.core.StandardService -msg
2025-50-26 10:50:04 INFO  o.a.catalina.core.StandardEngine -msg
2025-50-26 10:50:04 INFO  o.a.c.c.C.[Tomcat].[localhost].[/] -msg
2025-50-26 10:50:04 INFO  o.s.b.w.s.c.ServletWebServerApplicationContext -msg
2025-50-26 10:50:04 INFO  com.zaxxer.hikari.HikariDataSource -msg
2025-50-26 10:50:04 INFO  com.zaxxer.hikari.pool.HikariPool -msg
2025-50-26 10:50:04 INFO  com.zaxxer.hikari.HikariDataSource -msg
2025-50-26 10:50:04 INFO  liquibase.database -msg
2025-50-26 10:50:04 INFO  liquibase.changelog -msg
2025-50-26 10:50:04 INFO  liquibase.changelog -msg
2025-50-26 10:50:04 INFO  liquibase.changelog -msg
2025-50-26 10:50:04 INFO  liquibase.changelog -msg
2025-50-26 10:50:04 INFO  liquibase.snapshot -msg
2025-50-26 10:50:04 INFO  liquibase.lockservice -msg
2025-50-26 10:50:04 INFO  liquibase.command -msg
2025-50-26 10:50:04 INFO  liquibase.changelog -msg
2025-50-26 10:50:04 INFO  liquibase.ui -msg
2025-50-26 10:50:04 INFO  liquibase.changelog -msg
2025-50-26 10:50:04 INFO  liquibase.changelog -msg
2025-50-26 10:50:04 INFO  liquibase.ui -msg
2025-50-26 10:50:04 INFO  liquibase.changelog -msg
2025-50-26 10:50:04 INFO  liquibase.changelog -msg
2025-50-26 10:50:04 INFO  liquibase.ui -msg
2025-50-26 10:50:04 INFO  liquibase.changelog -msg
2025-50-26 10:50:04 INFO  liquibase.changelog -msg
2025-50-26 10:50:04 INFO  liquibase.ui -msg
2025-50-26 10:50:04 INFO  liquibase.changelog -msg
2025-50-26 10:50:04 INFO  liquibase.changelog -msg
2025-50-26 10:50:04 INFO  liquibase.ui -msg
2025-50-26 10:50:04 INFO  liquibase.changelog -msg
2025-50-26 10:50:04 INFO  liquibase.changelog -msg
2025-50-26 10:50:04 INFO  liquibase.ui -msg
2025-50-26 10:50:04 INFO  liquibase.changelog -msg
2025-50-26 10:50:04 INFO  liquibase.changelog -msg
2025-50-26 10:50:04 INFO  liquibase.ui -msg
2025-50-26 10:50:04 INFO  liquibase.changelog -msg
2025-50-26 10:50:04 INFO  liquibase.changelog -msg
2025-50-26 10:50:04 INFO  liquibase.util -msg
2025-50-26 10:50:04 INFO  liquibase.util -msg
2025-50-26 10:50:04 INFO  liquibase.util -msg
2025-50-26 10:50:04 INFO  liquibase.util -msg
2025-50-26 10:50:04 INFO  liquibase.util -msg
2025-50-26 10:50:04 INFO  liquibase.util -msg
2025-50-26 10:50:04 INFO  liquibase.util -msg
2025-50-26 10:50:04 INFO  liquibase.command -msg
2025-50-26 10:50:04 INFO  liquibase.ui -msg
2025-50-26 10:50:04 INFO  liquibase.lockservice -msg
2025-50-26 10:50:04 INFO  liquibase.command -msg
2025-50-26 10:50:08 INFO  o.s.o.j.p.SpringPersistenceUnitInfo -msg
2025-50-26 10:50:08 INFO  o.s.o.j.LocalContainerEntityManagerFactoryBean -msg
2025-50-26 10:50:08 WARN  o.s.b.a.o.j.JpaBaseConfiguration$JpaWebConfiguration -msg
2025-50-26 10:50:09 WARN  o.s.b.a.f.FreeMarkerAutoConfiguration -msg
2025-50-26 10:50:09 WARN  o.s.b.a.s.s.UserDetailsServiceAutoConfiguration -msg
2025-50-26 10:50:09 INFO  o.s.s.c.a.a.c.InitializeUserDetailsBeanManagerConfigurer$InitializeUserDetailsManagerConfigurer -msg
2025-50-26 10:50:09 DEBUG o.s.s.web.DefaultSecurityFilterChain -msg
2025-50-26 10:50:09 INFO  o.s.b.w.e.tomcat.TomcatWebServer -msg
2025-50-26 10:50:09 INFO  c.example.edufood.EduFoodApplication -msg
